Log file open, 04/30/17 18:18:05
LogInit:Display: Running engine for game: dpm_world_prototype
LogPlatformFile: Not using cached read wrapper
LogInit:Display: RandInit(-122476293) SRandInit(-122476293).
LogTaskGraph: Started task graph with 5 named threads and 8 total threads with 1 sets of task threads.
LogStats: Stats thread started at 0.075223
LogInit: Using libcurl 7.47.1
LogInit:  - built for x86_64-pc-win32
LogInit:  - supports SSL with OpenSSL/1.0.2g
LogInit:  - supports HTTP deflate (compression) using libz 1.2.8
LogInit:  - other features:
LogInit:      CURL_VERSION_SSL
LogInit:      CURL_VERSION_LIBZ
LogInit:      CURL_VERSION_IPV6
LogInit:      CURL_VERSION_ASYNCHDNS
LogInit:      CURL_VERSION_LARGEFILE
LogInit:      CURL_VERSION_IDN
LogInit:  CurlRequestOptions (configurable via config and command line):
LogInit:  - bVerifyPeer = false  - Libcurl will NOT verify peer certificate
LogInit:  - bUseHttpProxy = false  - Libcurl will NOT use HTTP proxy
LogInit:  - bDontReuseConnections = false  - Libcurl will reuse connections
LogInit:  - CertBundlePath = nullptr  - Libcurl will use whatever was configured at build time.
LogInit: Build: ++UE4+Release-4.15-CL-3348071
LogInit: Engine Version: 4.15.1-3348071+++UE4+Release-4.15
LogInit: Compatible Engine Version: 4.15.0-3299760+++UE4+Release-4.15
LogInit: Net CL: 3299760
LogDevObjectVersion: Number of dev versions registered: 14
LogDevObjectVersion:   Dev-Blueprints (B0D832E4-1F89-4F0D-ACCF-7EB736FD4AA2): 8
LogDevObjectVersion:   Dev-Build (E1C64328-A22C-4D53-A36C-8E866417BD8C): 0
LogDevObjectVersion:   Dev-Core (375EC13C-06E4-48FB-B500-84F0262A717E): 2
LogDevObjectVersion:   Dev-Editor (E4B068ED-F494-42E9-A231-DA0B2E46BB41): 14
LogDevObjectVersion:   Dev-Framework (CFFC743F-43B0-4480-9391-14DF171D2073): 22
LogDevObjectVersion:   Dev-Mobile (B02B49B5-BB20-44E9-A304-32B752E40360): 0
LogDevObjectVersion:   Dev-Networking (A4E4105C-59A1-49B5-A7C5-40C4547EDFEE): 0
LogDevObjectVersion:   Dev-Online (39C831C9-5AE6-47DC-9A44-9C173E1C8E7C): 0
LogDevObjectVersion:   Dev-Physics (78F01B33-EBEA-4F98-B9B4-84EACCB95AA2): 0
LogDevObjectVersion:   Dev-Platform (6631380F-2D4D-43E0-8009-CF276956A95A): 0
LogDevObjectVersion:   Dev-Rendering (12F88B9F-8875-4AFC-A67C-D90C383ABD29): 12
LogDevObjectVersion:   Dev-Sequencer (7B5AE74C-D270-4C10-A958-57980B212A5A): 3
LogDevObjectVersion:   Dev-VR (D7296918-1DD6-4BDD-9DE2-64A83CC13884): 0
LogDevObjectVersion:   Dev-LoadTimes (C2A15278-BFE7-4AFE-6C17-90FF531DF755): 1
LogInit: Compiled (64-bit): Mar 15 2017 16:52:47
LogInit: Compiled with Visual C++: 19.00.23026.00
LogInit: Build Configuration: Development
LogInit: Branch Name: ++UE4+Release-4.15
LogInit: Command line: 
LogInit: Base directory: C:/Program Files/Epic Games/UE_4.15/Engine/Binaries/Win64/
LogInit: Installed Engine Build: 1
LogInit: Presizing for max 8388607 objects, including 0 objects not considered by GC, pre-allocating 0 bytes for permanent pool.
LogInit: Object subsystem initialized
[2017.04.30-16.18.07:281][  0]LogInit: Selected Device Profile: [Windows]
[2017.04.30-16.18.07:281][  0]LogInit: Applying CVar settings loaded from the selected device profile: [Windows]
[2017.04.30-16.18.07:291][  0]LogInit: Computer: LIKEABOSS
[2017.04.30-16.18.07:291][  0]LogInit: User: Boss
[2017.04.30-16.18.07:291][  0]LogInit: CPU Page size=65536, Cores=4
[2017.04.30-16.18.07:291][  0]LogInit: High frequency timer resolution =2.338369 MHz
[2017.04.30-16.18.07:291][  0]LogMemory: Memory total: Physical=32.0GB (32GB approx)
[2017.04.30-16.18.07:291][  0]LogMemory: Platform Memory Stats for Windows
[2017.04.30-16.18.07:291][  0]LogMemory: Process Physical Memory: 264.52 MB used, 264.52 MB peak
[2017.04.30-16.18.07:291][  0]LogMemory: Process Virtual Memory: 265.63 MB used, 265.63 MB peak
[2017.04.30-16.18.07:291][  0]LogMemory: Physical Memory: 7188.76 MB used,  25528.79 MB free, 32717.54 MB total
[2017.04.30-16.18.07:291][  0]LogMemory: Virtual Memory: 632.89 MB used,  25528.79 MB free, 8388608.00 MB total
[2017.04.30-16.18.07:426][  0]LogTextLocalizationManager: No translations for ('de-DE') exist, falling back to 'en' for localization and internationalization data.
[2017.04.30-16.18.08:319][  0]LogD3D11RHI: D3D11 adapters:
[2017.04.30-16.18.08:887][  0]LogD3D11RHI:    0. 'NVIDIA GeForce GTX 780M' (Feature Level 11_0)
[2017.04.30-16.18.08:887][  0]LogD3D11RHI:       4027/0/16102 MB DedicatedVideo/DedicatedSystem/SharedSystem, Outputs:2, VendorId:0x10de
[2017.04.30-16.18.08:887][  0]LogD3D11RHI: Chosen D3D11 Adapter: 0
[2017.04.30-16.18.08:892][  0]LogD3D11RHI: Creating new Direct3DDevice
[2017.04.30-16.18.08:892][  0]LogD3D11RHI:     GPU DeviceId: 0x119f (for the marketing name, search the web for "GPU Device Id")
[2017.04.30-16.18.08:892][  0]LogWindows: EnumDisplayDevices:
[2017.04.30-16.18.08:892][  0]LogWindows:    0. 'NVIDIA GeForce GTX 780M' (P:1 D:1)
[2017.04.30-16.18.08:893][  0]LogWindows:    1. 'NVIDIA GeForce GTX 780M' (P:0 D:1)
[2017.04.30-16.18.08:893][  0]LogWindows:    2. 'NVIDIA GeForce GTX 780M' (P:0 D:0)
[2017.04.30-16.18.08:893][  0]LogWindows:    3. 'NVIDIA GeForce GTX 780M' (P:0 D:0)
[2017.04.30-16.18.08:894][  0]LogWindows:    4. 'NVIDIA GeForce GTX 780M' (P:0 D:0)
[2017.04.30-16.18.08:894][  0]LogWindows:    5. 'NVIDIA GeForce GTX 780M' (P:0 D:0)
[2017.04.30-16.18.08:894][  0]LogWindows:    6. 'NVIDIA GeForce GTX 780M' (P:0 D:0)
[2017.04.30-16.18.08:895][  0]LogWindows:    7. 'NVIDIA GeForce GTX 780M' (P:0 D:0)
[2017.04.30-16.18.08:895][  0]LogWindows:    8. 'NVIDIA GeForce GTX 780M' (P:0 D:0)
[2017.04.30-16.18.08:895][  0]LogWindows:    9. 'NVIDIA GeForce GTX 780M' (P:0 D:0)
[2017.04.30-16.18.08:896][  0]LogWindows:    10. 'RDPDD Chained DD' (P:0 D:0)
[2017.04.30-16.18.08:896][  0]LogWindows:    11. 'RDP Encoder Mirror Driver' (P:0 D:0)
[2017.04.30-16.18.08:896][  0]LogWindows:    12. 'RDP Reflector Display Driver' (P:0 D:0)
[2017.04.30-16.18.08:896][  0]LogWindows: DebugString: GetVideoDriverDetailsInvalid PrimaryIsNotTheChoosenAdapter GetVideoDriverDetailsInvalid PrimaryIsNotTheChoosenAdapter GetVideoDriverDetailsInvalid PrimaryIsNotTheChoosenAdapter FoundDriverCount:10 
[2017.04.30-16.18.08:896][  0]LogD3D11RHI:     Adapter Name: NVIDIA GeForce GTX 780M
[2017.04.30-16.18.08:896][  0]LogD3D11RHI:   Driver Version: 378.78 (internal:21.21.13.7878, unified:378.78)
[2017.04.30-16.18.08:896][  0]LogD3D11RHI:      Driver Date: 2-23-2017
[2017.04.30-16.18.08:896][  0]LogRHI: Texture pool is 1361 MB (70% of 1945 MB)
[2017.04.30-16.18.09:431][  0]LogD3D11RHI:Warning: Timestamp queries are currently disabled on this hardware due to instability. Realtime GPU stats will not be available. You can override this behaviour by setting r.NVIDIATimestampWorkaround to 0
[2017.04.30-16.18.09:433][  0]LogD3D11RHI: Async texture creation enabled
[2017.04.30-16.18.09:467][  0]LogD3D11RHI: GPU Timing Frequency: 1000.000000 (Debug: 2 2)
[2017.04.30-16.18.09:561][  0]LogShaderCompilers: Guid format shader working directory is 0 characters bigger than the processId version (D:/_project_storage/UNREAL/dpm_world_prototyp/Intermediate/Shaders/WorkingDirectory/3088/).
[2017.04.30-16.18.09:561][  0]LogShaderCompilers: Cleaned the shader compiler working directory 'C:/Users/Boss/AppData/Local/Temp/UnrealShaderWorkingDir/8B5F4B1A4F0AE406EBBD978CB9DD2293/'.
[2017.04.30-16.18.09:561][  0]LogShaderCompilers:Display: Using Local Shader Compiler.
[2017.04.30-16.18.10:988][  0]LogTemp:Display: Loaded TP AllDesktopTargetPlatform
[2017.04.30-16.18.11:073][  0]LogTemp:Display: Loaded TP MacClientTargetPlatform
[2017.04.30-16.18.11:154][  0]LogTemp:Display: Loaded TP MacNoEditorTargetPlatform
[2017.04.30-16.18.11:236][  0]LogTemp:Display: Loaded TP MacServerTargetPlatform
[2017.04.30-16.18.11:319][  0]LogTemp:Display: Loaded TP MacTargetPlatform
[2017.04.30-16.18.11:400][  0]LogTemp:Display: Loaded TP WindowsClientTargetPlatform
[2017.04.30-16.18.11:483][  0]LogTemp:Display: Loaded TP WindowsNoEditorTargetPlatform
[2017.04.30-16.18.11:565][  0]LogTemp:Display: Loaded TP WindowsServerTargetPlatform
[2017.04.30-16.18.11:639][  0]LogTemp:Display: Loaded TP WindowsTargetPlatform
[2017.04.30-16.18.11:722][  0]LogTemp:Display: Loaded TP AndroidTargetPlatform
[2017.04.30-16.18.11:805][  0]LogTemp:Display: Loaded TP Android_ASTCTargetPlatform
[2017.04.30-16.18.11:887][  0]LogTemp:Display: Loaded TP Android_ATCTargetPlatform
[2017.04.30-16.18.11:967][  0]LogTemp:Display: Loaded TP Android_DXTTargetPlatform
[2017.04.30-16.18.12:050][  0]LogTemp:Display: Loaded TP Android_ETC1TargetPlatform
[2017.04.30-16.18.12:133][  0]LogTemp:Display: Loaded TP Android_ETC2TargetPlatform
[2017.04.30-16.18.12:297][  0]LogTemp:Display: Loaded TP Android_MultiTargetPlatform
[2017.04.30-16.18.12:297][  0]LogTemp:Display: Loaded TP Android_PVRTCTargetPlatform
[2017.04.30-16.18.12:362][  0]LogTemp:Display: Loaded TP HTML5TargetPlatform
[2017.04.30-16.18.12:500][  0]LogTemp:Display: Loaded TP IOSTargetPlatform
[2017.04.30-16.18.12:548][  0]LogTemp:Display: Loaded TP TVOSTargetPlatform
[2017.04.30-16.18.12:631][  0]LogTemp:Display: Loaded TP LinuxClientTargetPlatform
[2017.04.30-16.18.12:712][  0]LogTemp:Display: Loaded TP LinuxNoEditorTargetPlatform
[2017.04.30-16.18.12:794][  0]LogTemp:Display: Loaded TP LinuxServerTargetPlatform
[2017.04.30-16.18.12:877][  0]LogTemp:Display: Loaded TP LinuxTargetPlatform
[2017.04.30-16.18.12:878][  0]LogTargetPlatformManager:Display: Building Assets For Windows
[2017.04.30-16.18.13:559][  0]LogDerivedDataCache:Display: Max Cache Size: 512 MB
[2017.04.30-16.18.13:607][  0]LogDerivedDataCache: Loaded boot cache 0.05s 50MB C:/Users/Boss/AppData/Local/UnrealEngine/4.15/DerivedDataCache/Boot.ddc.
[2017.04.30-16.18.13:608][  0]LogDerivedDataCache:Display: Loaded Boot cache: C:/Users/Boss/AppData/Local/UnrealEngine/4.15/DerivedDataCache/Boot.ddc
[2017.04.30-16.18.13:608][  0]LogDerivedDataCache: FDerivedDataBackendGraph:  Pak pak cache file D:/_project_storage/UNREAL/dpm_world_prototyp/DerivedDataCache/DDC.ddp not found, will not use a pak cache.
[2017.04.30-16.18.13:608][  0]LogDerivedDataCache: Unable to find inner node Pak for hierarchical cache Hierarchy.
[2017.04.30-16.18.13:608][  0]LogDerivedDataCache: FDerivedDataBackendGraph:  CompressedPak pak cache file D:/_project_storage/UNREAL/dpm_world_prototyp/DerivedDataCache/Compressed.ddp not found, will not use a pak cache.
[2017.04.30-16.18.13:608][  0]LogDerivedDataCache: Unable to find inner node CompressedPak for hierarchical cache Hierarchy.
[2017.04.30-16.18.13:627][  0]LogDerivedDataCache:Display: Pak cache opened for reading ../../../Engine/DerivedDataCache/Compressed.ddp.
[2017.04.30-16.18.13:639][  0]LogDerivedDataCache: Using Local data cache path C:/Users/Boss/AppData/Local/UnrealEngine/Common/DerivedDataCache: Writable
[2017.04.30-16.18.13:648][  0]LogSlate: Using Freetype 2.6.0
[2017.04.30-16.18.13:649][  0]LogSlate: SlateFontCache - WITH_FREETYPE: 1, WITH_HARFBUZZ: 1
[2017.04.30-16.18.13:649][  0]LogSlate: SlateFontCache - WITH_FREETYPE: 1, WITH_HARFBUZZ: 1
[2017.04.30-16.18.14:012][  0]LogInit: Selected Device Profile: [Windows]
[2017.04.30-16.18.14:015][  0]LogContentStreaming: Texture pool size is 0.00 MB
[2017.04.30-16.18.14:307][  0]LogMeshUtilities: Using QuadricMeshReduction for automatic static mesh reduction
[2017.04.30-16.18.14:379][  0]LogSimplygon: Simplygon DLL not present - disabling.
[2017.04.30-16.18.14:448][  0]LogMeshUtilities: Using SimplygonSwarm for distributed automatic mesh merging
[2017.04.30-16.18.14:448][  0]LogMeshUtilities: No automatic skeletal mesh reduction module available
[2017.04.30-16.18.14:448][  0]LogMeshUtilities: No automatic mesh merging module available
[2017.04.30-16.18.15:099][  0]LogNetVersion: GetLocalNetworkVersion: CL: 3299760, ProjectName: dpm_world_prototype, ProjectVersion: , EngineNetworkVersion: 2, GameNetworkVersion: 0, NetworkChecksum: 914774774
[2017.04.30-16.18.15:155][  0]LogAssetRegistry: FAssetRegistry took 0.0198 seconds to start up
[2017.04.30-16.18.15:199][  0]LogPackageLocalizationCache: Processed 3 localized package path(s) for 1 prioritized culture(s) in 0.009996 seconds
[2017.04.30-16.18.15:204][  0]LogUObjectArray: 32493 objects as part of root set at end of initial load.
[2017.04.30-16.18.15:204][  0]LogUObjectAllocator: 7077032 out of 0 bytes used by permanent object pool.
[2017.04.30-16.18.15:204][  0]LogUObjectArray: CloseDisregardForGC: 0/0 objects in disregard for GC pool
[2017.04.30-16.18.15:307][  0]LogInit: WinSock: version 1.1 (2.2), MaxSocks=32767, MaxUdp=65467
[2017.04.30-16.18.18:290][  0]LogTcpMessaging: Initializing TcpMessaging bridge
[2017.04.30-16.18.18:338][  0]LogUdpMessaging: Initializing bridge on interface 0.0.0.0:0 to multicast group 230.0.0.1:6666.
[2017.04.30-16.18.19:006][  0]LogMaterial: Uniform references updated for custom material expression Custom.
[2017.04.30-16.18.19:568][  0]SourceControl: Info Source control is disabled
[2017.04.30-16.18.19:569][  0]SourceControl: Info Source control is disabled
[2017.04.30-16.18.19:642][  0]SourceControl: Info Source control is disabled
[2017.04.30-16.18.19:713][  0]SourceControl: Info Source control is disabled
[2017.04.30-16.18.21:607][  0]LogEngine: Initializing Engine...
[2017.04.30-16.18.21:608][  0]LogHMD: Failed to initialize OpenVR with code 110
[2017.04.30-16.18.21:935][  0]LogAIModule: Creating AISystem for world Untitled
[2017.04.30-16.18.21:947][  0]LogInit: XAudio2 using 'Lautsprecher (Realtek High Definition Audio)' : 2 channels at 48 kHz using 32 bits per sample (channel mask 0x3)
[2017.04.30-16.18.22:029][  0]LogInit: FAudioDevice initialized.
[2017.04.30-16.18.22:053][  0]LogDerivedDataCache: Saved boot cache 0.02s 50MB C:/Users/Boss/AppData/Local/UnrealEngine/4.15/DerivedDataCache/Boot.ddc.
[2017.04.30-16.18.22:056][  0]LogInit: Texture streaming: Enabled
[2017.04.30-16.18.22:202][  0]LogEngineSessionManager: EngineSessionManager initialized
[2017.04.30-16.18.22:341][  0]LogInit: Transaction tracking system initialized
[2017.04.30-16.18.22:904][  0]BlueprintLog: New page: Editor Load
[2017.04.30-16.18.24:340][  0]LocalizationService: Info Localization service is disabled
[2017.04.30-16.18.25:498][  0]LogConsoleResponse:Display: 
[2017.04.30-16.18.25:674][  0]LogFileCache: Scanning file cache for directory 'D:/_project_storage/UNREAL/dpm_world_prototyp/Content/' took 0.01s
[2017.04.30-16.18.25:674][  0]LogCook:Display: Max memory allowance for cook 16384mb min free memory 0mb
[2017.04.30-16.18.25:674][  0]LogCook:Display: Mobile HDR setting 1
[2017.04.30-16.18.27:294][  0]SourceControl: Info Source control is disabled
[2017.04.30-16.18.27:294][  0]Cmd: MAP LOAD FILE="../../../Engine/Content/Maps/Templates/Template_Default.umap" TEMPLATE=1 SHOWPROGRESS=1 FEATURELEVEL=3
[2017.04.30-16.18.27:295][  0]LightingResults: New page: Lighting Build
[2017.04.30-16.18.27:365][  0]MapCheck: New page: Map Check
[2017.04.30-16.18.27:366][  0]LightingResults: New page: Lighting Build
[2017.04.30-16.18.27:567][  0]LogAIModule: Creating AISystem for world Untitled_1
[2017.04.30-16.18.27:584][  0]LogActorComponent: RegisterComponentWithWorld: (/Temp/Untitled_1.Untitled_1:PersistentLevel.WorldSettings_1.StaticMeshComponent0) Trying to register component with IsPendingKill() == true. Aborting.
[2017.04.30-16.18.27:588][  0]LogEditorServer: Finished looking for orphan Actors (0.000 secs)
[2017.04.30-16.18.27:591][  0]Cmd: MAP CHECKDEP NOCLEARLOG
[2017.04.30-16.18.27:695][  0]MapCheck: Info Map check complete: 0 Error(s), 0 Warning(s), took 103.836ms to complete.
[2017.04.30-16.18.27:695][  0]LogFileHelpers: Loading map 'Template_Default' took 0.401
[2017.04.30-16.18.27:911][  0]LogCollectionManager: Loaded 0 collections in 0.001129 seconds
[2017.04.30-16.18.28:018][  0]LogFileCache: Scanning file cache for directory 'D:/_project_storage/UNREAL/dpm_world_prototyp/Saved/Collections/' took 0.01s
[2017.04.30-16.18.28:018][  0]LogFileCache: Scanning file cache for directory 'D:/_project_storage/UNREAL/dpm_world_prototyp/Content/Developers/Boss/Collections/' took 0.01s
[2017.04.30-16.18.28:018][  0]LogFileCache: Scanning file cache for directory 'D:/_project_storage/UNREAL/dpm_world_prototyp/Content/Collections/' took 0.01s
[2017.04.30-16.18.28:018][  0]LogCollectionManager: Rebuilt the GUID cache for 0 collections in 0.000001 seconds
[2017.04.30-16.18.28:027][  0]LogContentBrowser: Native class hierarchy populated in 0.0091 seconds. Added 2245 classes and 453 folders.
[2017.04.30-16.18.28:031][  0]LogStats: UGameplayTagsManager::ConstructGameplayTagTree: Construct from data asset -  0.000 s
[2017.04.30-16.18.28:031][  0]LogStats: UGameplayTagsManager::ConstructGameplayTagTree: GameplayTagTreeChangedEvent.Broadcast -  0.000 s
[2017.04.30-16.18.28:132][  0]LogContentBrowser: Native class hierarchy updated for 'WidgetCarousel' in 0.0005 seconds. Added 0 classes and 0 folders.
[2017.04.30-16.18.28:202][  0]LogContentBrowser: Native class hierarchy updated for 'AddContentDialog' in 0.0005 seconds. Added 0 classes and 0 folders.
[2017.04.30-16.18.28:269][  0]LogContentBrowser: Native class hierarchy updated for 'SceneOutliner' in 0.0005 seconds. Added 1 classes and 2 folders.
[2017.04.30-16.18.28:378][  0]LogCrashTracker: Crashtracker disabled due to settings.
[2017.04.30-16.18.28:383][  0]LogUObjectGlobals:Warning: Failed to find object 'Class None.'
[2017.04.30-16.18.28:471][  0]LogContentBrowser: Native class hierarchy updated for 'HierarchicalLODOutliner' in 0.0006 seconds. Added 1 classes and 2 folders.
[2017.04.30-16.18.28:472][  0]LogLoad: (Engine Initialization) Total time: 23.65 seconds
[2017.04.30-16.18.28:472][  0]LogLoad: (Engine Initialization) Total Blueprint compile time: 0.11 seconds
[2017.04.30-16.18.28:472][  0]LogExternalProfiler: No external profilers were discovered.  External profiling features will not be available.
[2017.04.30-16.18.28:489][  0]LogOcInput: OculusInput pre-init called
[2017.04.30-16.18.28:510][  0]LogContentStreaming: Texture pool size now 1000 MB
[2017.04.30-16.18.28:512][  0]LogSlate: Took 0.000630 seconds to synchronously load lazily loaded font '../../../Engine/Content/Slate/Fonts/Roboto-Regular.ttf' (155K)
[2017.04.30-16.18.28:516][  0]LogSlate: Took 0.000695 seconds to synchronously load lazily loaded font '../../../Engine/Content/Slate/Fonts/Roboto-Bold.ttf' (160K)
[2017.04.30-16.18.28:521][  0]LogSlate: Took 0.000560 seconds to synchronously load lazily loaded font '../../../Engine/Content/Editor/Slate/Fonts/FontAwesome.ttf' (139K)
[2017.04.30-16.18.28:634][  0]LogSlate: Took 0.000572 seconds to synchronously load lazily loaded font '../../../Engine/Content/Slate/Fonts/Roboto-Light.ttf' (159K)
[2017.04.30-16.18.28:688][  0]LogRenderer: Reallocating scene render targets to support 1056x516 NumSamples 1 (Frame:2).
[2017.04.30-16.18.28:806][  1]LogAssetRegistry: Asset discovery search completed in 13.6712 seconds
[2017.04.30-16.18.28:806][  1]LogCollectionManager: Rebuilt the object cache for 0 collections in 0.000003 seconds (found 0 objects)
[2017.04.30-16.18.28:806][  1]LogCollectionManager: Fixed up redirectors for 0 collections in 0.000015 seconds (updated 0 objects)
[2017.04.30-16.18.29:503][ 38]LogSlate: Took 0.000230 seconds to synchronously load lazily loaded font '../../../Engine/Content/Slate/Fonts/Roboto-Light.ttf' (159K)
[2017.04.30-16.18.44:256][902]SourceControl:Error: Error Failed to enable Git source control. You need to initialize the project as a Git repository first.
[2017.04.30-16.19.31:616][458]SourceControl:Error: Error Failed to enable Git source control. You need to initialize the project as a Git repository first.
[2017.04.30-16.19.44:765][230]SourceControl: Info Source control is disabled
[2017.04.30-16.20.20:737][577]SourceControl:Error: Error Failed to enable Git source control. You need to initialize the project as a Git repository first.
[2017.04.30-16.20.28:578][ 32]SourceControl:Error: Error Failed to enable Git source control. You need to initialize the project as a Git repository first.
[2017.04.30-16.25.21:330][369]SourceControl:Error: Error Failed to enable Git source control. You need to initialize the project as a Git repository first.
[2017.04.30-16.27.01:736][995]SourceControl: Info On branch master
[2017.04.30-16.27.01:736][995]SourceControl: Info Your branch is up-to-date with 'origin/master'.
[2017.04.30-16.27.01:736][995]SourceControl: Info Changes not staged for commit:
[2017.04.30-16.27.01:736][995]SourceControl: Info   (use "git add/rm <file>..." to update what will be committed)
[2017.04.30-16.27.01:736][995]SourceControl: Info   (use "git checkout -- <file>..." to discard changes in working directory)
[2017.04.30-16.27.01:736][995]SourceControl: Info 	modified:   Intermediate/CachedAssetRegistry.bin
[2017.04.30-16.27.01:736][995]SourceControl: Info 	modified:   Intermediate/Config/CoalescedSourceConfigs/EditorSettings.ini
[2017.04.30-16.27.01:736][995]SourceControl: Info 	modified:   Intermediate/Config/CoalescedSourceConfigs/Engine.ini
[2017.04.30-16.27.01:736][995]SourceControl: Info 	modified:   Saved/Config/Windows/Editor.ini
[2017.04.30-16.27.01:736][995]SourceControl: Info 	modified:   Saved/Config/Windows/EditorPerProjectUserSettings.ini
[2017.04.30-16.27.01:736][995]SourceControl: Info 	modified:   Saved/Config/Windows/Engine.ini
[2017.04.30-16.27.01:736][995]SourceControl: Info 	deleted:    Saved/Logs/MyProject-backup-2017.04.30-14.02.17.log
[2017.04.30-16.27.01:736][995]SourceControl: Info 	deleted:    Saved/Logs/MyProject-backup-2017.04.30-16.38.45.log
[2017.04.30-16.27.01:736][995]SourceControl: Info 	modified:   Saved/Logs/dpm_world_prototype.log
[2017.04.30-16.27.01:736][995]SourceControl: Info Untracked files:
[2017.04.30-16.27.01:736][995]SourceControl: Info   (use "git add <file>..." to include in what will be committed)
[2017.04.30-16.27.01:736][995]SourceControl: Info 	Saved/Logs/UE4CC-Windows-1AFBAA57470E592BF68400ADA609F1F4/
[2017.04.30-16.27.01:736][995]SourceControl: Info 	Saved/Logs/dpm_world_prototype-backup-2017.04.30-18.18.05.log
[2017.04.30-16.27.01:736][995]SourceControl: Info no changes added to commit (use "git add" and/or "git commit -a")
[2017.04.30-16.27.21:134][128]SourceControl: Info On branch master
[2017.04.30-16.27.21:134][128]SourceControl: Info Your branch is up-to-date with 'origin/master'.
[2017.04.30-16.27.21:134][128]SourceControl: Info Changes not staged for commit:
[2017.04.30-16.27.21:134][128]SourceControl: Info   (use "git add/rm <file>..." to update what will be committed)
[2017.04.30-16.27.21:134][128]SourceControl: Info   (use "git checkout -- <file>..." to discard changes in working directory)
[2017.04.30-16.27.21:134][128]SourceControl: Info 	modified:   Intermediate/CachedAssetRegistry.bin
[2017.04.30-16.27.21:134][128]SourceControl: Info 	modified:   Intermediate/Config/CoalescedSourceConfigs/EditorSettings.ini
[2017.04.30-16.27.21:134][128]SourceControl: Info 	modified:   Intermediate/Config/CoalescedSourceConfigs/Engine.ini
[2017.04.30-16.27.21:134][128]SourceControl: Info 	modified:   Saved/Config/Windows/Editor.ini
[2017.04.30-16.27.21:134][128]SourceControl: Info 	modified:   Saved/Config/Windows/EditorPerProjectUserSettings.ini
[2017.04.30-16.27.21:134][128]SourceControl: Info 	modified:   Saved/Config/Windows/Engine.ini
[2017.04.30-16.27.21:134][128]SourceControl: Info 	deleted:    Saved/Logs/MyProject-backup-2017.04.30-14.02.17.log
[2017.04.30-16.27.21:134][128]SourceControl: Info 	deleted:    Saved/Logs/MyProject-backup-2017.04.30-16.38.45.log
[2017.04.30-16.27.21:134][128]SourceControl: Info 	modified:   Saved/Logs/dpm_world_prototype.log
[2017.04.30-16.27.21:134][128]SourceControl: Info Untracked files:
[2017.04.30-16.27.21:134][128]SourceControl: Info   (use "git add <file>..." to include in what will be committed)
[2017.04.30-16.27.21:134][128]SourceControl: Info 	Saved/Logs/UE4CC-Windows-1AFBAA57470E592BF68400ADA609F1F4/
[2017.04.30-16.27.21:134][128]SourceControl: Info 	Saved/Logs/dpm_world_prototype-backup-2017.04.30-18.18.05.log
[2017.04.30-16.27.21:134][128]SourceControl: Info no changes added to commit (use "git add" and/or "git commit -a")
[2017.04.30-16.27.46:649][346]SourceControl: Info fatal: /Temp/Untitled_1: '/Temp/Untitled_1' is outside repository
[2017.04.30-16.27.51:640][346]LogSlate: Took 0.000464 seconds to synchronously load lazily loaded font '../../../Engine/Content/Slate/Fonts/Roboto-Light.ttf' (159K)
[2017.04.30-16.27.51:750][346]Cmd: OBJ SAVEPACKAGE PACKAGE="/Game/Maps/NewMap2" FILE="D:/_project_storage/UNREAL/dpm_world_prototyp/Content/Maps/NewMap2.umap" SILENT=true AUTOSAVING=false KEEPDIRTY=false
[2017.04.30-16.27.51:797][346]LogSavePackage: Save=21.91ms
[2017.04.30-16.27.51:797][346]LogSavePackage: Moving 'D:/_project_storage/UNREAL/dpm_world_prototyp/Saved/NewMap285F135494D4E9856C1C00589E9CC26DD.tmp' to 'D:/_project_storage/UNREAL/dpm_world_prototyp/Content/Maps/NewMap2.umap'
[2017.04.30-16.27.51:798][346]LogSavePackage:Display: Finished SavePackage D:/_project_storage/UNREAL/dpm_world_prototyp/Content/Maps/NewMap2.umap
[2017.04.30-16.27.51:930][346]LogFileHelpers: Saving map 'NewMap2' took 0.401
[2017.04.30-16.27.52:017][351]SourceControl: Info fatal: /Temp/Untitled_1: '/Temp/Untitled_1' is outside repository
[2017.04.30-16.27.56:176][596]SourceControl: Info fatal: C:/Program Files/Epic Games/UE_4.15/Engine/Content/: 'C:/Program Files/Epic Games/UE_4.15/Engine/Content/' is outside repository
[2017.04.30-16.27.56:250][596]LogPackageName:Error: Illegal call to DoesPackageExist: 'D:/_project_storage/UNREAL/dpm_world_prototyp/dpm_world_prototype.uproject' is not a standard unreal filename or a long path name. Reason: Path should be no less than 4 characters long.
[2017.04.30-16.27.56:389][596]LogStats: FPlatformStackWalk::StackWalkAndDump -  0.139 s
[2017.04.30-16.27.56:389][596]LogOutputDevice:Error: === Handled ensure: ===
[2017.04.30-16.27.56:389][596]LogOutputDevice:Error: 
[2017.04.30-16.27.56:389][596]LogOutputDevice:Error: Ensure condition failed: false [File:D:\Build\++UE4+Release-4.15+Compile\Sync\Engine\Source\Runtime\CoreUObject\Private\Misc\PackageName.cpp] [Line: 650]
[2017.04.30-16.27.56:389][596]LogOutputDevice:Error: Illegal call to DoesPackageExist: 'D:/_project_storage/UNREAL/dpm_world_prototyp/dpm_world_prototype.uproject' is not a standard unreal filename or a long path name. Reason: Path should be no less than 4 characters long.
[2017.04.30-16.27.56:389][596]LogOutputDevice:Error: Stack: 
[2017.04.30-16.27.56:389][596]LogOutputDevice:Error: UE4Editor-Core.dll!0x00000000D96C95E6
[2017.04.30-16.27.56:389][596]LogOutputDevice:Error: UE4Editor-Core.dll!0x00000000D9479B82
[2017.04.30-16.27.56:389][596]LogOutputDevice:Error: UE4Editor-Core.dll!0x00000000D948B666
[2017.04.30-16.27.56:389][596]LogOutputDevice:Error: UE4Editor-CoreUObject.dll!0x00000000D8E5A6B8
[2017.04.30-16.27.56:389][596]LogOutputDevice:Error: UE4Editor-SourceControl.dll!0x00000000E6723D22
[2017.04.30-16.27.56:389][596]LogOutputDevice:Error: UE4Editor-SourceControl.dll!0x00000000E6723EB9
[2017.04.30-16.27.56:389][596]LogOutputDevice:Error: UE4Editor-SourceControlWindows.dll!0x00000000CB8A1D2E
[2017.04.30-16.27.56:389][596]LogOutputDevice:Error: UE4Editor-SourceControlWindows.dll!0x00000000CB85B4B5
[2017.04.30-16.27.56:389][596]LogOutputDevice:Error: UE4Editor-SourceControlWindows.dll!0x00000000CB85AA8D
[2017.04.30-16.27.56:389][596]LogOutputDevice:Error: UE4Editor-SourceControlWindows.dll!0x00000000CB86F274
[2017.04.30-16.27.56:389][596]LogOutputDevice:Error: UE4Editor-GitSourceControl.dll!0x00000000C2C2B851
[2017.04.30-16.27.56:389][596]LogOutputDevice:Error: UE4Editor-GitSourceControl.dll!0x00000000C2C3D1ED
[2017.04.30-16.27.56:389][596]LogOutputDevice:Error: UE4Editor-SourceControl.dll!0x00000000E6729C5C
[2017.04.30-16.27.56:389][596]LogOutputDevice:Error: UE4Editor-UnrealEd.dll!0x00000000D27C7517
[2017.04.30-16.27.56:389][596]LogOutputDevice:Error: UE4Editor-UnrealEd.dll!0x00000000D2FD2086
[2017.04.30-16.27.56:389][596]LogOutputDevice:Error: UE4Editor.exe!0x000000003F14DEE3
[2017.04.30-16.27.56:389][596]LogOutputDevice:Error: UE4Editor.exe!0x000000003F13EB40
[2017.04.30-16.27.56:389][596]LogOutputDevice:Error: UE4Editor.exe!0x000000003F13EBBA
[2017.04.30-16.27.56:389][596]LogOutputDevice:Error: UE4Editor.exe!0x000000003F150A29
[2017.04.30-16.27.56:389][596]LogOutputDevice:Error: UE4Editor.exe!0x000000003F1522B6
[2017.04.30-16.27.56:389][596]LogOutputDevice:Error: kernel32.dll!0x00000000771559CD
[2017.04.30-16.27.56:389][596]LogOutputDevice:Error: ntdll.dll!0x000000007728A561
[2017.04.30-16.27.56:389][596]LogOutputDevice:Error: 
[2017.04.30-16.27.56:398][596]LogStats:                SubmitErrorReport -  0.000 s
