Log file open, 04/30/17 18:04:48
LogPlatformFile: Not using cached read wrapper
LogInit:Display: RandInit(2001341373) SRandInit(2001341373).
LogTaskGraph: Started task graph with 4 named threads and 7 total threads with 1 sets of task threads.
LogInit: Build: ++UE4+Release-4.14-CL-0
LogInit: Engine Version: 4.14.3-0+++UE4+Release-4.14
LogInit: Compatible Engine Version: 4.14.0-0+++UE4+Release-4.14
LogInit: Net CL: 0
LogInit: Compiled (64-bit): Feb 15 2017 13:40:11
LogInit: Compiled with Clang: 3.9.1 (tags/RELEASE_391/rc2)
LogInit: Build Configuration: Shipping
LogInit: Branch Name: ++UE4+Release-4.14
LogInit: Command line:  -Abslog=/home/newgen/UnrealProjects/dpm_world_prototype/Saved/Logs/dpm_world_prototype-CRC.log -Unattended /home/newgen/UnrealProjects/dpm_world_prototype/Saved/Crashes/ensureinfo-dpm_world_prototype-pid-15423-0B8350923004121E0004020400306B1C/
LogInit: Base directory: /usr/local/share/UE/UnrealEngine/Engine/Binaries/Linux/
LogInit: Installed Engine Build: 1
LogInit: Presizing for max 100000 objects, including 0 objects not considered by GC, pre-allocating 0 bytes for permanent pool.
LogInit: Object subsystem initialized
[2017.04.30-16.04.48:851][  0]LogInit: Linux hardware info:
[2017.04.30-16.04.48:851][  0]LogInit:  - we are the first instance of this executable
[2017.04.30-16.04.48:851][  0]LogInit:  - this process' id (pid) is 15557, parent process' id (ppid) is 15423
[2017.04.30-16.04.48:851][  0]LogInit:  - we are not running under debugger
[2017.04.30-16.04.48:851][  0]LogInit:  - machine network name is 'jarvis'
[2017.04.30-16.04.48:851][  0]LogInit:  - user name is 'newgen' (newgen)
[2017.04.30-16.04.48:851][  0]LogInit:  - we're logged in locally
[2017.04.30-16.04.48:851][  0]LogInit:  - we're running with rendering
[2017.04.30-16.04.48:851][  0]LogInit:  - CPU: GenuineIntel 'Intel(R) Core(TM) i5-4460  CPU @ 3.20GHz' (signature: 0x306C3)
[2017.04.30-16.04.48:851][  0]LogInit:  - Number of physical cores available for the process: 4
[2017.04.30-16.04.48:851][  0]LogInit:  - Number of logical cores available for the process: 4
[2017.04.30-16.04.48:851][  0]LogInit:  - Cache line size: 64
[2017.04.30-16.04.48:851][  0]LogInit:  - Memory allocator used: binned
[2017.04.30-16.04.48:851][  0]LogLinux: Skipped benchmarking clocks because the engine is running in a standalone program mode - CLOCK_REALTIME will be used.
[2017.04.30-16.04.48:851][  0]LogInit: Linux-specific commandline switches:
[2017.04.30-16.04.48:851][  0]LogInit:  -nodwarf (currently OFF): suppress parsing of DWARF debug info (callstacks will be generated faster, but won't have line numbers)
[2017.04.30-16.04.48:851][  0]LogInit:  -ansimalloc - use malloc()/free() from libc (useful for tools like valgrind and electric fence)
[2017.04.30-16.04.48:851][  0]LogInit:  -jemalloc - use jemalloc for all memory allocation
[2017.04.30-16.04.48:851][  0]LogInit:  -binnedmalloc - use binned malloc  for all memory allocation
[2017.04.30-16.04.48:851][  0]LogInit:  -httpproxy=ADDRESS:PORT - redirects HTTP requests to a proxy (only supported if compiled with libcurl)
[2017.04.30-16.04.48:851][  0]LogInit:  -reuseconn - allow libcurl to reuse HTTP connections (only matters if compiled with libcurl)
[2017.04.30-16.04.48:851][  0]LogInit:  -virtmemkb=NUMBER - sets process virtual memory (address space) limit (overrides VirtualMemoryLimitInKB value from .ini)
[2017.04.30-16.04.48:852][  0]LogInit:  - Physical RAM available (not considering process quota): 24 GB (24093 MB, 24671572 KB, 25263689728 bytes)
[2017.04.30-16.04.48:853][  0]LogUObjectArray: 141 objects as part of root set at end of initial load.
[2017.04.30-16.04.48:853][  0]LogUObjectAllocator: 23664 out of 0 bytes used by permanent object pool.
[2017.04.30-16.04.48:853][  0]LogUObjectArray: CloseDisregardForGC: 0/0 objects in disregard for GC pool
[2017.04.30-16.04.48:853][  0]LogTextLocalizationManager: No translations for ('') exist, falling back to 'en' for localization and internationalization data.
[2017.04.30-16.04.48:857][  0]CrashReportClientLog: CrashReportClientVersion=1.0
[2017.04.30-16.04.48:857][  0]CrashReportClientLog: CrashReportReceiver disabled
[2017.04.30-16.04.48:857][  0]CrashReportClientLog: DataRouterUrl: https://datarouter.ol.epicgames.com/datarouter/api/v1/public/data
[2017.04.30-16.04.48:859][  0]LogQoSReporter:Error: QoS API server is not configured, no QoS metrics will be reported.
[2017.04.30-16.04.48:859][  0]LogQoSReporter: QoSReporter initialized (InstanceId = '000440F63004121E0004035B774E23FF', SystemId = 'f11e1258d9c372b17d9263845502c98b')
[2017.04.30-16.04.48:859][  0]LogQoSReporter: APIKey = 'CrashReportClient.Release'. APIServer = ''. AppVersion = 'UE4-CL-0'. AppEnvironment = 'Release'
[2017.04.30-16.04.48:859][  0]LogQoSReporter: QoSReporter has been configured without a valid deployment name.
[2017.04.30-16.04.48:859][  0]LogQoSReporter: QoSReporter has been configured without a valid deployment name.
[2017.04.30-16.04.48:859][  0]CrashReportClientLog: Initial state = Unknown UploadState value
[2017.04.30-16.04.48:859][  0]CrashReportClientLog: Initial state = Unknown UploadState value
[2017.04.30-16.04.48:859][  0]LogCrashDebugHelper: DepotName: //UE4/Release-4.14
[2017.04.30-16.04.48:859][  0]LogCrashDebugHelper: BuiltFromCL: 0
[2017.04.30-16.04.48:859][  0]LogCrashDebugHelper: EngineVersion: 4.14.3-0+++UE4+Release-4.14
[2017.04.30-16.04.48:859][  0]LogCrashDebugHelper: BuildVersion: ++UE4+Release-4.14-CL-0
[2017.04.30-16.04.48:859][  0]LogCrashDebugHelper:Warning: CrashDebugHelperConfig invalid
[2017.04.30-16.04.48:859][  0]LogCrashDebugHelper:Warning: PDB Cache disabled
[2017.04.30-16.04.49:855][  0]CrashReportClientLog: Got 5 pending files to upload from 'ensureinfo-dpm_world_prototype-pid-15423-0B8350923004121E0004020400306B1C'
[2017.04.30-16.04.49:856][  0]CrashReportClientLog: State change from Ready to SendingFiles
[2017.04.30-16.04.49:856][  0]CrashReportClientLog: CompressAndSendData have 5 pending files
[2017.04.30-16.04.49:856][  0]CrashReportClientLog: CompressAndSendData compressing 2745 bytes ('/home/newgen/UnrealProjects/dpm_world_prototype/Saved/Crashes/ensureinfo-dpm_world_prototype-pid-15423-0B8350923004121E0004020400306B1C/Diagnostics.txt')
[2017.04.30-16.04.49:856][  0]CrashReportClientLog: CompressAndSendData compressing 85 bytes ('/home/newgen/UnrealProjects/dpm_world_prototype/Saved/Crashes/ensureinfo-dpm_world_prototype-pid-15423-0B8350923004121E0004020400306B1C/CrashReportClient.ini')
[2017.04.30-16.04.49:856][  0]CrashReportClientLog: CompressAndSendData compressing 57349 bytes ('/home/newgen/UnrealProjects/dpm_world_prototype/Saved/Crashes/ensureinfo-dpm_world_prototype-pid-15423-0B8350923004121E0004020400306B1C/dpm_world_prototype.log')
[2017.04.30-16.04.49:856][  0]CrashReportClientLog: CompressAndSendData compressing 1942 bytes ('/home/newgen/UnrealProjects/dpm_world_prototype/Saved/Crashes/ensureinfo-dpm_world_prototype-pid-15423-0B8350923004121E0004020400306B1C/wermeta.xml')
[2017.04.30-16.04.49:856][  0]CrashReportClientLog: CompressAndSendData compressing 4 bytes ('/home/newgen/UnrealProjects/dpm_world_prototype/Saved/Crashes/ensureinfo-dpm_world_prototype-pid-15423-0B8350923004121E0004020400306B1C/minidump.dmp')
[2017.04.30-16.04.49:865][  0]LogInit: Using libcurl 7.46.0
[2017.04.30-16.04.49:865][  0]LogInit:  - built for x86_64-pc-linux-gnu
[2017.04.30-16.04.49:865][  0]LogInit:  - supports SSL with OpenSSL/1.0.2d
[2017.04.30-16.04.49:865][  0]LogInit:  - supports HTTP deflate (compression) using libz 1.2.8
[2017.04.30-16.04.49:865][  0]LogInit:  - other features:
[2017.04.30-16.04.49:865][  0]LogInit:      CURL_VERSION_SSL
[2017.04.30-16.04.49:865][  0]LogInit:      CURL_VERSION_LIBZ
[2017.04.30-16.04.49:865][  0]LogInit:      CURL_VERSION_IPV6
[2017.04.30-16.04.49:865][  0]LogInit:      CURL_VERSION_ASYNCHDNS
[2017.04.30-16.04.49:865][  0]LogInit:      CURL_VERSION_LARGEFILE
[2017.04.30-16.04.49:865][  0]LogInit:      CURL_VERSION_TLSAUTH_SRP
[2017.04.30-16.04.49:866][  0]LogInit:  Libcurl: checking if '/etc/pki/tls/certs/ca-bundle.crt' exists
[2017.04.30-16.04.49:866][  0]LogInit:  Libcurl: checking if '/etc/ssl/certs/ca-certificates.crt' exists
[2017.04.30-16.04.49:866][  0]LogInit:  CurlRequestOptions (configurable via config and command line):
[2017.04.30-16.04.49:866][  0]LogInit:  - bVerifyPeer = true  - Libcurl will verify peer certificate
[2017.04.30-16.04.49:866][  0]LogInit:  - bUseHttpProxy = false  - Libcurl will NOT use HTTP proxy
[2017.04.30-16.04.49:866][  0]LogInit:  - bDontReuseConnections = false  - Libcurl will reuse connections
[2017.04.30-16.04.49:866][  0]LogInit:  - CertBundlePath = /etc/ssl/certs/ca-certificates.crt  - Libcurl will set CURLOPT_CAINFO to it
[2017.04.30-16.04.49:866][  0]CrashReportClientLog: Sending HTTP request: https://datarouter.ol.epicgames.com/datarouter/api/v1/public/data?AppID=CrashReporter&AppVersion=4.14.3-0%2B%2B%2BUE4%2BRelease-4.14&AppEnvironment=Release&UploadType=crashreports&UserID=0003f14e24021712002c018ddb909009%7C%7Cf11e1258d9c372b17d9263845502c98b
[2017.04.30-16.04.50:404][  0]CrashReportClientLog: OnProcessRequestComplete(), State=SendingFiles bSucceeded=1
[2017.04.30-16.04.50:404][  0]CrashReportClientLog: State change from SendingFiles to SendingFiles
[2017.04.30-16.04.50:404][  0]CrashReportClientLog: All uploads done
[2017.04.30-16.04.50:404][  0]CrashReportClientLog: State change from SendingFiles to Finished
[2017.04.30-16.04.50:838][  0]LogLinux: FLinuxPlatformMisc::RequestExit(0)
[2017.04.30-16.04.50:838][  0]LogGenericPlatformMisc: FPlatformMisc::RequestExit(0)
[2017.04.30-16.04.50:871][  0]CrashReportClientLog: Final state (Receiver) = Finished
[2017.04.30-16.04.50:871][  0]CrashReportClientLog: Final state (Receiver) = Unknown UploadState value
[2017.04.30-16.04.50:871][  0]LogExit: Preparing to exit.
[2017.04.30-16.04.50:872][  0]LogObj: Freed 0b from 0 cluster array pools.
[2017.04.30-16.04.50:872][  0]LogExit: Object subsystem successfully closed.
[2017.04.30-16.04.50:903][  0]LogModuleManager: Shutting down and abandoning module HTTP (5)
[2017.04.30-16.04.50:903][  0]LogModuleManager: Shutting down and abandoning module CrashDebugHelper (4)
[2017.04.30-16.04.50:903][  0]LogModuleManager: Shutting down and abandoning module QoSReporter (3)
[2017.04.30-16.04.50:903][  0]LogModuleManager: Shutting down and abandoning module Analytics (2)
[2017.04.30-16.04.50:903][  0]LogModuleManager: Shutting down and abandoning module CoreUObject (1)
[2017.04.30-16.04.50:904][  0]LogExit: Exiting.
[2017.04.30-16.04.50:904][  0]Log file closed, 04/30/17 18:04:50
