Log file open, 04/30/17 19:06:57
LogInit:Display: Running engine for game: dpm_world_prototype
LogPlatformFile: Not using cached read wrapper
LogInit:Display: RandInit(-1857891780) SRandInit(-1857891780).
LogTaskGraph: Started task graph with 5 named threads and 8 total threads with 1 sets of task threads.
LogStats: Stats thread started at 0.094320
LogInit: Using libcurl 7.47.1
LogInit:  - built for x86_64-pc-win32
LogInit:  - supports SSL with OpenSSL/1.0.2g
LogInit:  - supports HTTP deflate (compression) using libz 1.2.8
LogInit:  - other features:
LogInit:      CURL_VERSION_SSL
LogInit:      CURL_VERSION_LIBZ
LogInit:      CURL_VERSION_IPV6
LogInit:      CURL_VERSION_ASYNCHDNS
LogInit:      CURL_VERSION_LARGEFILE
LogInit:      CURL_VERSION_IDN
LogInit:  CurlRequestOptions (configurable via config and command line):
LogInit:  - bVerifyPeer = false  - Libcurl will NOT verify peer certificate
LogInit:  - bUseHttpProxy = false  - Libcurl will NOT use HTTP proxy
LogInit:  - bDontReuseConnections = false  - Libcurl will reuse connections
LogInit:  - CertBundlePath = nullptr  - Libcurl will use whatever was configured at build time.
LogInit: Build: ++UE4+Release-4.15-CL-3348071
LogInit: Engine Version: 4.15.1-3348071+++UE4+Release-4.15
LogInit: Compatible Engine Version: 4.15.0-3299760+++UE4+Release-4.15
LogInit: Net CL: 3299760
LogDevObjectVersion: Number of dev versions registered: 14
LogDevObjectVersion:   Dev-Blueprints (B0D832E4-1F89-4F0D-ACCF-7EB736FD4AA2): 8
LogDevObjectVersion:   Dev-Build (E1C64328-A22C-4D53-A36C-8E866417BD8C): 0
LogDevObjectVersion:   Dev-Core (375EC13C-06E4-48FB-B500-84F0262A717E): 2
LogDevObjectVersion:   Dev-Editor (E4B068ED-F494-42E9-A231-DA0B2E46BB41): 14
LogDevObjectVersion:   Dev-Framework (CFFC743F-43B0-4480-9391-14DF171D2073): 22
LogDevObjectVersion:   Dev-Mobile (B02B49B5-BB20-44E9-A304-32B752E40360): 0
LogDevObjectVersion:   Dev-Networking (A4E4105C-59A1-49B5-A7C5-40C4547EDFEE): 0
LogDevObjectVersion:   Dev-Online (39C831C9-5AE6-47DC-9A44-9C173E1C8E7C): 0
LogDevObjectVersion:   Dev-Physics (78F01B33-EBEA-4F98-B9B4-84EACCB95AA2): 0
LogDevObjectVersion:   Dev-Platform (6631380F-2D4D-43E0-8009-CF276956A95A): 0
LogDevObjectVersion:   Dev-Rendering (12F88B9F-8875-4AFC-A67C-D90C383ABD29): 12
LogDevObjectVersion:   Dev-Sequencer (7B5AE74C-D270-4C10-A958-57980B212A5A): 3
LogDevObjectVersion:   Dev-VR (D7296918-1DD6-4BDD-9DE2-64A83CC13884): 0
LogDevObjectVersion:   Dev-LoadTimes (C2A15278-BFE7-4AFE-6C17-90FF531DF755): 1
LogInit: Compiled (64-bit): Mar 15 2017 16:52:47
LogInit: Compiled with Visual C++: 19.00.23026.00
LogInit: Build Configuration: Development
LogInit: Branch Name: ++UE4+Release-4.15
LogInit: Command line: 
LogInit: Base directory: C:/Program Files/Epic Games/UE_4.15/Engine/Binaries/Win64/
LogInit: Installed Engine Build: 1
LogInit: Presizing for max 8388607 objects, including 0 objects not considered by GC, pre-allocating 0 bytes for permanent pool.
LogInit: Object subsystem initialized
[2017.04.30-17.06.58:934][  0]LogInit: Selected Device Profile: [Windows]
[2017.04.30-17.06.58:934][  0]LogInit: Applying CVar settings loaded from the selected device profile: [Windows]
[2017.04.30-17.06.58:951][  0]LogInit: Computer: LIKEABOSS
[2017.04.30-17.06.58:951][  0]LogInit: User: Boss
[2017.04.30-17.06.58:951][  0]LogInit: CPU Page size=65536, Cores=4
[2017.04.30-17.06.58:951][  0]LogInit: High frequency timer resolution =2.338369 MHz
[2017.04.30-17.06.58:951][  0]LogMemory: Memory total: Physical=32.0GB (32GB approx)
[2017.04.30-17.06.58:951][  0]LogMemory: Platform Memory Stats for Windows
[2017.04.30-17.06.58:951][  0]LogMemory: Process Physical Memory: 264.62 MB used, 264.62 MB peak
[2017.04.30-17.06.58:951][  0]LogMemory: Process Virtual Memory: 265.51 MB used, 265.51 MB peak
[2017.04.30-17.06.58:951][  0]LogMemory: Physical Memory: 7052.64 MB used,  25664.90 MB free, 32717.54 MB total
[2017.04.30-17.06.58:951][  0]LogMemory: Virtual Memory: 632.89 MB used,  25664.90 MB free, 8388608.00 MB total
[2017.04.30-17.06.59:093][  0]LogTextLocalizationManager: No translations for ('de-DE') exist, falling back to 'en' for localization and internationalization data.
[2017.04.30-17.06.59:978][  0]LogD3D11RHI: D3D11 adapters:
[2017.04.30-17.07.00:541][  0]LogD3D11RHI:    0. 'NVIDIA GeForce GTX 780M' (Feature Level 11_0)
[2017.04.30-17.07.00:541][  0]LogD3D11RHI:       4027/0/16102 MB DedicatedVideo/DedicatedSystem/SharedSystem, Outputs:2, VendorId:0x10de
[2017.04.30-17.07.00:541][  0]LogD3D11RHI: Chosen D3D11 Adapter: 0
[2017.04.30-17.07.00:546][  0]LogD3D11RHI: Creating new Direct3DDevice
[2017.04.30-17.07.00:547][  0]LogD3D11RHI:     GPU DeviceId: 0x119f (for the marketing name, search the web for "GPU Device Id")
[2017.04.30-17.07.00:547][  0]LogWindows: EnumDisplayDevices:
[2017.04.30-17.07.00:547][  0]LogWindows:    0. 'NVIDIA GeForce GTX 780M' (P:1 D:1)
[2017.04.30-17.07.00:547][  0]LogWindows:    1. 'NVIDIA GeForce GTX 780M' (P:0 D:1)
[2017.04.30-17.07.00:548][  0]LogWindows:    2. 'NVIDIA GeForce GTX 780M' (P:0 D:0)
[2017.04.30-17.07.00:548][  0]LogWindows:    3. 'NVIDIA GeForce GTX 780M' (P:0 D:0)
[2017.04.30-17.07.00:548][  0]LogWindows:    4. 'NVIDIA GeForce GTX 780M' (P:0 D:0)
[2017.04.30-17.07.00:549][  0]LogWindows:    5. 'NVIDIA GeForce GTX 780M' (P:0 D:0)
[2017.04.30-17.07.00:549][  0]LogWindows:    6. 'NVIDIA GeForce GTX 780M' (P:0 D:0)
[2017.04.30-17.07.00:549][  0]LogWindows:    7. 'NVIDIA GeForce GTX 780M' (P:0 D:0)
[2017.04.30-17.07.00:550][  0]LogWindows:    8. 'NVIDIA GeForce GTX 780M' (P:0 D:0)
[2017.04.30-17.07.00:550][  0]LogWindows:    9. 'NVIDIA GeForce GTX 780M' (P:0 D:0)
[2017.04.30-17.07.00:550][  0]LogWindows:    10. 'RDPDD Chained DD' (P:0 D:0)
[2017.04.30-17.07.00:550][  0]LogWindows:    11. 'RDP Encoder Mirror Driver' (P:0 D:0)
[2017.04.30-17.07.00:550][  0]LogWindows:    12. 'RDP Reflector Display Driver' (P:0 D:0)
[2017.04.30-17.07.00:550][  0]LogWindows: DebugString: GetVideoDriverDetailsInvalid PrimaryIsNotTheChoosenAdapter GetVideoDriverDetailsInvalid PrimaryIsNotTheChoosenAdapter GetVideoDriverDetailsInvalid PrimaryIsNotTheChoosenAdapter FoundDriverCount:10 
[2017.04.30-17.07.00:550][  0]LogD3D11RHI:     Adapter Name: NVIDIA GeForce GTX 780M
[2017.04.30-17.07.00:550][  0]LogD3D11RHI:   Driver Version: 378.78 (internal:21.21.13.7878, unified:378.78)
[2017.04.30-17.07.00:550][  0]LogD3D11RHI:      Driver Date: 2-23-2017
[2017.04.30-17.07.00:550][  0]LogRHI: Texture pool is 1361 MB (70% of 1945 MB)
[2017.04.30-17.07.01:084][  0]LogD3D11RHI:Warning: Timestamp queries are currently disabled on this hardware due to instability. Realtime GPU stats will not be available. You can override this behaviour by setting r.NVIDIATimestampWorkaround to 0
[2017.04.30-17.07.01:085][  0]LogD3D11RHI: Async texture creation enabled
[2017.04.30-17.07.01:116][  0]LogD3D11RHI: GPU Timing Frequency: 1000.000000 (Debug: 2 2)
[2017.04.30-17.07.01:211][  0]LogShaderCompilers: Guid format shader working directory is -10 characters bigger than the processId version (//likeaboss/_project_storage/UNREAL/dpm_world_prototyp/Intermediate/Shaders/WorkingDirectory/11824/).
[2017.04.30-17.07.01:211][  0]LogShaderCompilers: Cleaned the shader compiler working directory 'C:/Users/Boss/AppData/Local/Temp/UnrealShaderWorkingDir/8401318B4C466CF6FEB97DA80AE71BC8/'.
[2017.04.30-17.07.01:211][  0]LogShaderCompilers:Display: Using Local Shader Compiler.
[2017.04.30-17.07.02:554][  0]LogTemp:Display: Loaded TP AllDesktopTargetPlatform
[2017.04.30-17.07.02:647][  0]LogTemp:Display: Loaded TP MacClientTargetPlatform
[2017.04.30-17.07.02:739][  0]LogTemp:Display: Loaded TP MacNoEditorTargetPlatform
[2017.04.30-17.07.02:832][  0]LogTemp:Display: Loaded TP MacServerTargetPlatform
[2017.04.30-17.07.02:926][  0]LogTemp:Display: Loaded TP MacTargetPlatform
[2017.04.30-17.07.03:018][  0]LogTemp:Display: Loaded TP WindowsClientTargetPlatform
[2017.04.30-17.07.03:110][  0]LogTemp:Display: Loaded TP WindowsNoEditorTargetPlatform
[2017.04.30-17.07.03:203][  0]LogTemp:Display: Loaded TP WindowsServerTargetPlatform
[2017.04.30-17.07.03:284][  0]LogTemp:Display: Loaded TP WindowsTargetPlatform
[2017.04.30-17.07.03:376][  0]LogTemp:Display: Loaded TP AndroidTargetPlatform
[2017.04.30-17.07.03:468][  0]LogTemp:Display: Loaded TP Android_ASTCTargetPlatform
[2017.04.30-17.07.03:560][  0]LogTemp:Display: Loaded TP Android_ATCTargetPlatform
[2017.04.30-17.07.03:651][  0]LogTemp:Display: Loaded TP Android_DXTTargetPlatform
[2017.04.30-17.07.03:743][  0]LogTemp:Display: Loaded TP Android_ETC1TargetPlatform
[2017.04.30-17.07.03:836][  0]LogTemp:Display: Loaded TP Android_ETC2TargetPlatform
[2017.04.30-17.07.04:018][  0]LogTemp:Display: Loaded TP Android_MultiTargetPlatform
[2017.04.30-17.07.04:018][  0]LogTemp:Display: Loaded TP Android_PVRTCTargetPlatform
[2017.04.30-17.07.04:089][  0]LogTemp:Display: Loaded TP HTML5TargetPlatform
[2017.04.30-17.07.04:239][  0]LogTemp:Display: Loaded TP IOSTargetPlatform
[2017.04.30-17.07.04:296][  0]LogTemp:Display: Loaded TP TVOSTargetPlatform
[2017.04.30-17.07.04:388][  0]LogTemp:Display: Loaded TP LinuxClientTargetPlatform
[2017.04.30-17.07.04:479][  0]LogTemp:Display: Loaded TP LinuxNoEditorTargetPlatform
[2017.04.30-17.07.04:569][  0]LogTemp:Display: Loaded TP LinuxServerTargetPlatform
[2017.04.30-17.07.04:662][  0]LogTemp:Display: Loaded TP LinuxTargetPlatform
[2017.04.30-17.07.04:662][  0]LogTargetPlatformManager:Display: Building Assets For Windows
[2017.04.30-17.07.05:416][  0]LogDerivedDataCache:Display: Max Cache Size: 512 MB
[2017.04.30-17.07.05:470][  0]LogDerivedDataCache: Loaded boot cache 0.05s 50MB C:/Users/Boss/AppData/Local/UnrealEngine/4.15/DerivedDataCache/Boot.ddc.
[2017.04.30-17.07.05:470][  0]LogDerivedDataCache:Display: Loaded Boot cache: C:/Users/Boss/AppData/Local/UnrealEngine/4.15/DerivedDataCache/Boot.ddc
[2017.04.30-17.07.05:470][  0]LogDerivedDataCache: FDerivedDataBackendGraph:  Pak pak cache file //likeaboss/_project_storage/UNREAL/dpm_world_prototyp/DerivedDataCache/DDC.ddp not found, will not use a pak cache.
[2017.04.30-17.07.05:470][  0]LogDerivedDataCache: Unable to find inner node Pak for hierarchical cache Hierarchy.
[2017.04.30-17.07.05:470][  0]LogDerivedDataCache: FDerivedDataBackendGraph:  CompressedPak pak cache file //likeaboss/_project_storage/UNREAL/dpm_world_prototyp/DerivedDataCache/Compressed.ddp not found, will not use a pak cache.
[2017.04.30-17.07.05:470][  0]LogDerivedDataCache: Unable to find inner node CompressedPak for hierarchical cache Hierarchy.
[2017.04.30-17.07.05:490][  0]LogDerivedDataCache:Display: Pak cache opened for reading ../../../Engine/DerivedDataCache/Compressed.ddp.
[2017.04.30-17.07.05:502][  0]LogDerivedDataCache: Using Local data cache path C:/Users/Boss/AppData/Local/UnrealEngine/Common/DerivedDataCache: Writable
[2017.04.30-17.07.05:511][  0]LogSlate: Using Freetype 2.6.0
[2017.04.30-17.07.05:513][  0]LogSlate: SlateFontCache - WITH_FREETYPE: 1, WITH_HARFBUZZ: 1
[2017.04.30-17.07.05:513][  0]LogSlate: SlateFontCache - WITH_FREETYPE: 1, WITH_HARFBUZZ: 1
[2017.04.30-17.07.05:855][  0]LogInit: Selected Device Profile: [Windows]
[2017.04.30-17.07.05:858][  0]LogContentStreaming: Texture pool size is 0.00 MB
[2017.04.30-17.07.06:164][  0]LogMeshUtilities: Using QuadricMeshReduction for automatic static mesh reduction
[2017.04.30-17.07.06:241][  0]LogSimplygon: Simplygon DLL not present - disabling.
[2017.04.30-17.07.06:318][  0]LogMeshUtilities: Using SimplygonSwarm for distributed automatic mesh merging
[2017.04.30-17.07.06:318][  0]LogMeshUtilities: No automatic skeletal mesh reduction module available
[2017.04.30-17.07.06:318][  0]LogMeshUtilities: No automatic mesh merging module available
[2017.04.30-17.07.06:979][  0]LogNetVersion: GetLocalNetworkVersion: CL: 3299760, ProjectName: dpm_world_prototype, ProjectVersion: , EngineNetworkVersion: 2, GameNetworkVersion: 0, NetworkChecksum: 914774774
[2017.04.30-17.07.07:040][  0]LogAssetRegistry: FAssetRegistry took 0.0203 seconds to start up
[2017.04.30-17.07.07:096][  0]LogPackageLocalizationCache: Processed 3 localized package path(s) for 1 prioritized culture(s) in 0.018513 seconds
[2017.04.30-17.07.07:101][  0]LogUObjectArray: 32493 objects as part of root set at end of initial load.
[2017.04.30-17.07.07:101][  0]LogUObjectAllocator: 7077024 out of 0 bytes used by permanent object pool.
[2017.04.30-17.07.07:101][  0]LogUObjectArray: CloseDisregardForGC: 0/0 objects in disregard for GC pool
[2017.04.30-17.07.07:213][  0]LogInit: WinSock: version 1.1 (2.2), MaxSocks=32767, MaxUdp=65467
[2017.04.30-17.07.10:131][  0]LogTcpMessaging: Initializing TcpMessaging bridge
[2017.04.30-17.07.10:187][  0]LogUdpMessaging: Initializing bridge on interface 0.0.0.0:0 to multicast group 230.0.0.1:6666.
[2017.04.30-17.07.10:188][  0]LogDirectoryWatcher: A directory notification failed for '//likeaboss/_project_storage/UNREAL/dpm_world_prototyp/Content/' because it was empty or there was a buffer overflow. Attemping another request...
[2017.04.30-17.07.10:188][  0]LogDirectoryWatcher: A directory notification failed for '//likeaboss/_project_storage/UNREAL/dpm_world_prototyp/Content/' because it was empty or there was a buffer overflow. Attemping another request...
[2017.04.30-17.07.10:188][  0]LogDirectoryWatcher: A directory notification failed for '//likeaboss/_project_storage/UNREAL/dpm_world_prototyp/Content/', and we were unable to create a new request.
[2017.04.30-17.07.10:916][  0]LogMaterial: Uniform references updated for custom material expression Custom.
[2017.04.30-17.07.11:545][  0]SourceControl: Info Source control is disabled
[2017.04.30-17.07.14:121][  0]LogEngine: Initializing Engine...
[2017.04.30-17.07.14:122][  0]LogHMD: Failed to initialize OpenVR with code 110
[2017.04.30-17.07.14:466][  0]LogAIModule: Creating AISystem for world Untitled
[2017.04.30-17.07.14:478][  0]LogInit: XAudio2 using 'Lautsprecher (Realtek High Definition Audio)' : 2 channels at 48 kHz using 32 bits per sample (channel mask 0x3)
[2017.04.30-17.07.14:560][  0]LogInit: FAudioDevice initialized.
[2017.04.30-17.07.14:584][  0]LogDerivedDataCache: Saved boot cache 0.02s 50MB C:/Users/Boss/AppData/Local/UnrealEngine/4.15/DerivedDataCache/Boot.ddc.
[2017.04.30-17.07.14:589][  0]LogInit: Texture streaming: Enabled
[2017.04.30-17.07.14:760][  0]LogEngineSessionManager: EngineSessionManager initialized
[2017.04.30-17.07.14:760][  0]LogEngineSessionManager: EngineSessionManager sent abnormal shutdown report. Type=Crashed, SessionId={B51321B5-4294-97A7-5B60-5D910FAB4BB5}
[2017.04.30-17.07.14:912][  0]LogInit: Transaction tracking system initialized
[2017.04.30-17.07.15:539][  0]BlueprintLog: New page: Editor Load
[2017.04.30-17.07.17:126][  0]LocalizationService: Info Localization service is disabled
[2017.04.30-17.07.18:312][  0]LogConsoleResponse:Display: 
[2017.04.30-17.07.18:476][  0]LogCook:Display: Max memory allowance for cook 16384mb min free memory 0mb
[2017.04.30-17.07.18:476][  0]LogCook:Display: Mobile HDR setting 1
[2017.04.30-17.07.19:425][  0]LogFileCache: Scanning file cache for directory '//likeaboss/_project_storage/UNREAL/dpm_world_prototyp/Content/' took 0.02s
[2017.04.30-17.07.20:353][  0]Cmd: MAP LOAD FILE="../../../Engine/Content/Maps/Templates/Template_Default.umap" TEMPLATE=1 SHOWPROGRESS=1 FEATURELEVEL=3
[2017.04.30-17.07.20:353][  0]LightingResults: New page: Lighting Build
[2017.04.30-17.07.20:425][  0]MapCheck: New page: Map Check
[2017.04.30-17.07.20:425][  0]LightingResults: New page: Lighting Build
[2017.04.30-17.07.20:621][  0]LogAIModule: Creating AISystem for world Untitled_1
[2017.04.30-17.07.20:641][  0]LogActorComponent: RegisterComponentWithWorld: (/Temp/Untitled_1.Untitled_1:PersistentLevel.WorldSettings_1.StaticMeshComponent0) Trying to register component with IsPendingKill() == true. Aborting.
[2017.04.30-17.07.20:649][  0]LogEditorServer: Finished looking for orphan Actors (0.000 secs)
[2017.04.30-17.07.20:653][  0]Cmd: MAP CHECKDEP NOCLEARLOG
[2017.04.30-17.07.20:755][  0]MapCheck: Info Map check complete: 0 Error(s), 0 Warning(s), took 102.087ms to complete.
[2017.04.30-17.07.20:755][  0]LogFileHelpers: Loading map 'Template_Default' took 0.403
[2017.04.30-17.07.21:004][  0]LogCollectionManager: Loaded 1 collections in 0.004783 seconds
[2017.04.30-17.07.21:135][  0]LogFileCache: Scanning file cache for directory '//likeaboss/_project_storage/UNREAL/dpm_world_prototyp/Saved/Collections/' took 0.01s
[2017.04.30-17.07.21:135][  0]LogFileCache: Scanning file cache for directory '//likeaboss/_project_storage/UNREAL/dpm_world_prototyp/Content/Developers/Boss/Collections/' took 0.01s
[2017.04.30-17.07.21:135][  0]LogFileCache: Scanning file cache for directory '//likeaboss/_project_storage/UNREAL/dpm_world_prototyp/Content/Collections/' took 0.02s
[2017.04.30-17.07.21:135][  0]LogCollectionManager: Rebuilt the GUID cache for 1 collections in 0.000003 seconds
[2017.04.30-17.07.21:135][  0]LogCollectionManager: Rebuilt the hierarchy cache for 1 collections in 0.000000 seconds
[2017.04.30-17.07.21:144][  0]LogContentBrowser: Native class hierarchy populated in 0.0091 seconds. Added 2245 classes and 453 folders.
[2017.04.30-17.07.21:149][  0]LogStats: UGameplayTagsManager::ConstructGameplayTagTree: Construct from data asset -  0.000 s
[2017.04.30-17.07.21:149][  0]LogStats: UGameplayTagsManager::ConstructGameplayTagTree: GameplayTagTreeChangedEvent.Broadcast -  0.000 s
[2017.04.30-17.07.21:277][  0]LogContentBrowser: Native class hierarchy updated for 'WidgetCarousel' in 0.0010 seconds. Added 0 classes and 0 folders.
[2017.04.30-17.07.21:341][  0]LogContentBrowser: Native class hierarchy updated for 'AddContentDialog' in 0.0012 seconds. Added 0 classes and 0 folders.
[2017.04.30-17.07.21:418][  0]LogContentBrowser: Native class hierarchy updated for 'SceneOutliner' in 0.0012 seconds. Added 1 classes and 2 folders.
[2017.04.30-17.07.21:536][  0]LogCrashTracker: Crashtracker disabled due to settings.
[2017.04.30-17.07.21:541][  0]LogUObjectGlobals:Warning: Failed to find object 'Class None.'
[2017.04.30-17.07.21:638][  0]LogContentBrowser: Native class hierarchy updated for 'HierarchicalLODOutliner' in 0.0012 seconds. Added 1 classes and 2 folders.
[2017.04.30-17.07.21:639][  0]LogLoad: (Engine Initialization) Total time: 25.46 seconds
[2017.04.30-17.07.21:639][  0]LogLoad: (Engine Initialization) Total Blueprint compile time: 0.12 seconds
[2017.04.30-17.07.21:639][  0]LogExternalProfiler: No external profilers were discovered.  External profiling features will not be available.
[2017.04.30-17.07.21:656][  0]LogOcInput: OculusInput pre-init called
[2017.04.30-17.07.21:672][  0]LogAssetRegistry: Asset discovery search completed in 14.6521 seconds
[2017.04.30-17.07.21:672][  0]LogCollectionManager: Rebuilt the object cache for 1 collections in 0.000003 seconds (found 0 objects)
[2017.04.30-17.07.21:672][  0]LogCollectionManager: Fixed up redirectors for 1 collections in 0.000015 seconds (updated 0 objects)
[2017.04.30-17.07.21:672][  0]LogDirectoryWatcher: A directory notification failed for '//likeaboss/_project_storage/UNREAL/dpm_world_prototyp/Saved/Collections/' because it was empty or there was a buffer overflow. Attemping another request...
[2017.04.30-17.07.21:672][  0]LogDirectoryWatcher: A directory notification failed for '//likeaboss/_project_storage/UNREAL/dpm_world_prototyp/Content/Developers/Boss/Collections/' because it was empty or there was a buffer overflow. Attemping another request...
[2017.04.30-17.07.21:672][  0]LogDirectoryWatcher: A directory notification failed for '//likeaboss/_project_storage/UNREAL/dpm_world_prototyp/Content/Collections/' because it was empty or there was a buffer overflow. Attemping another request...
[2017.04.30-17.07.21:677][  0]SourceControl: Info On branch phil
[2017.04.30-17.07.21:677][  0]SourceControl: Info Changes to be committed:
[2017.04.30-17.07.21:677][  0]SourceControl: Info   (use "git reset HEAD <file>..." to unstage)
[2017.04.30-17.07.21:677][  0]SourceControl: Info 	new file:   Content/Maps/NewMap2.umap
[2017.04.30-17.07.21:677][  0]SourceControl: Info Changes not staged for commit:
[2017.04.30-17.07.21:677][  0]SourceControl: Info   (use "git add/rm <file>..." to update what will be committed)
[2017.04.30-17.07.21:677][  0]SourceControl: Info   (use "git checkout -- <file>..." to discard changes in working directory)
[2017.04.30-17.07.21:677][  0]SourceControl: Info 	modified:   Content/Cone_Actor_Blueprint.uasset
[2017.04.30-17.07.21:677][  0]SourceControl: Info 	modified:   Intermediate/CachedAssetRegistry.bin
[2017.04.30-17.07.21:677][  0]SourceControl: Info 	modified:   Saved/Autosaves/Game/Cone_Actor_Blueprint_Auto1.uasset
[2017.04.30-17.07.21:677][  0]SourceControl: Info 	modified:   Saved/Autosaves/PackageRestoreData.json
[2017.04.30-17.07.21:677][  0]SourceControl: Info 	modified:   Saved/Config/Windows/EditorPerProjectUserSettings.ini
[2017.04.30-17.07.21:677][  0]SourceControl: Info 	deleted:    Saved/Logs/dpm_world_prototype-backup-2017.04.30-18.18.05.log
[2017.04.30-17.07.21:677][  0]SourceControl: Info 	modified:   Saved/Logs/dpm_world_prototype.log
[2017.04.30-17.07.21:677][  0]SourceControl: Info Untracked files:
[2017.04.30-17.07.21:677][  0]SourceControl: Info   (use "git add <file>..." to include in what will be committed)
[2017.04.30-17.07.21:677][  0]SourceControl: Info 	.gitignore
[2017.04.30-17.07.21:677][  0]SourceControl: Info 	Saved/Backup/Cone_Actor_Blueprint_2017-04-30-19-06-36.uasset
[2017.04.30-17.07.21:677][  0]SourceControl: Info 	Saved/Logs/UE4CC-Windows-458D3A4A4D0CAEBED666B2B3A65DAAB8_0000/
[2017.04.30-17.07.21:677][  0]SourceControl: Info 	Saved/Logs/UE4CC-Windows-B2D8E28344711FC9C10C8D8A8D160211/
[2017.04.30-17.07.21:677][  0]SourceControl: Info 	Saved/Logs/dpm_world_prototype-backup-2017.04.30-19.06.57.log
[2017.04.30-17.07.21:677][  0]LogContentStreaming: Texture pool size now 1000 MB
[2017.04.30-17.07.21:686][  0]LogSlate: Took 0.000535 seconds to synchronously load lazily loaded font '../../../Engine/Content/Slate/Fonts/Roboto-Regular.ttf' (155K)
[2017.04.30-17.07.21:690][  0]LogSlate: Took 0.000650 seconds to synchronously load lazily loaded font '../../../Engine/Content/Slate/Fonts/Roboto-Bold.ttf' (160K)
[2017.04.30-17.07.21:695][  0]LogSlate: Took 0.000498 seconds to synchronously load lazily loaded font '../../../Engine/Content/Editor/Slate/Fonts/FontAwesome.ttf' (139K)
[2017.04.30-17.07.21:805][  0]LogSlate: Took 0.000576 seconds to synchronously load lazily loaded font '../../../Engine/Content/Slate/Fonts/Roboto-Light.ttf' (159K)
[2017.04.30-17.07.21:868][  1]LogRenderer: Reallocating scene render targets to support 716x332 NumSamples 1 (Frame:2).
[2017.04.30-17.07.21:879][  1]LogDirectoryWatcher: A directory notification failed for '//likeaboss/_project_storage/UNREAL/dpm_world_prototyp/Saved/Collections/' because it was empty or there was a buffer overflow. Attemping another request...
[2017.04.30-17.07.21:879][  1]LogDirectoryWatcher: A directory notification failed for '//likeaboss/_project_storage/UNREAL/dpm_world_prototyp/Saved/Collections/', and we were unable to create a new request.
[2017.04.30-17.07.21:879][  1]LogDirectoryWatcher: A directory notification failed for '//likeaboss/_project_storage/UNREAL/dpm_world_prototyp/Content/Developers/Boss/Collections/' because it was empty or there was a buffer overflow. Attemping another request...
[2017.04.30-17.07.21:879][  1]LogDirectoryWatcher: A directory notification failed for '//likeaboss/_project_storage/UNREAL/dpm_world_prototyp/Content/Developers/Boss/Collections/', and we were unable to create a new request.
[2017.04.30-17.07.21:879][  1]LogDirectoryWatcher: A directory notification failed for '//likeaboss/_project_storage/UNREAL/dpm_world_prototyp/Content/Collections/' because it was empty or there was a buffer overflow. Attemping another request...
[2017.04.30-17.07.21:880][  1]LogDirectoryWatcher: A directory notification failed for '//likeaboss/_project_storage/UNREAL/dpm_world_prototyp/Content/Collections/', and we were unable to create a new request.
[2017.04.30-17.07.24:562][152]LogRenderer: Reallocating scene render targets to support 1056x516 NumSamples 1 (Frame:148).
[2017.04.30-17.09.38:943][774]SourceControl:Error: Error fatal: Could not switch to '/Temp/': No such file or directory
[2017.04.30-17.09.41:015][774]LogSlate: Took 0.000142 seconds to synchronously load lazily loaded font '../../../Engine/Content/Slate/Fonts/Roboto-Light.ttf' (159K)
[2017.04.30-17.09.41:129][774]Cmd: OBJ SAVEPACKAGE PACKAGE="/Game/Maps/NewMap3" FILE="//likeaboss/_project_storage/UNREAL/dpm_world_prototyp/Content/Maps/NewMap3.umap" SILENT=true AUTOSAVING=false KEEPDIRTY=false
[2017.04.30-17.09.41:183][774]LogSavePackage: Save=38.55ms
[2017.04.30-17.09.41:183][774]LogSavePackage: Moving '//likeaboss/_project_storage/UNREAL/dpm_world_prototyp/Saved/NewMap383407E934D1D1F0F21DFAB9683670877.tmp' to '//likeaboss/_project_storage/UNREAL/dpm_world_prototyp/Content/Maps/NewMap3.umap'
[2017.04.30-17.09.41:186][774]LogSavePackage:Display: Finished SavePackage //likeaboss/_project_storage/UNREAL/dpm_world_prototyp/Content/Maps/NewMap3.umap
[2017.04.30-17.09.41:433][774]LogFileHelpers: Saving map 'NewMap3' took 0.533
[2017.04.30-17.09.41:618][782]SourceControl:Error: Error fatal: Could not switch to '/Temp/': No such file or directory
