Log file open, 04/30/17 13:26:50
LogInit:Display: Running engine for game: MyProject
LogPlatformFile: Not using cached read wrapper
LogInit:Display: RandInit(503733708) SRandInit(503733709).
LogTaskGraph: Started task graph with 5 named threads and 8 total threads with 1 sets of task threads.
LogStats: Stats thread started at 0.029601
LogInit: Using libcurl 7.48.0-DEV
LogInit:  - built for x86_64-unknown-linux-gnu
LogInit:  - supports SSL with OpenSSL/1.0.2h
LogInit:  - supports HTTP deflate (compression) using libz 1.2.8
LogInit:  - other features:
LogInit:      CURL_VERSION_SSL
LogInit:      CURL_VERSION_LIBZ
LogInit:      CURL_VERSION_IPV6
LogInit:      CURL_VERSION_ASYNCHDNS
LogInit:      CURL_VERSION_LARGEFILE
LogInit:      CURL_VERSION_TLSAUTH_SRP
LogInit:  Libcurl: checking if '/etc/pki/tls/certs/ca-bundle.crt' exists
LogInit:  Libcurl: checking if '/etc/ssl/certs/ca-certificates.crt' exists
LogInit:  CurlRequestOptions (configurable via config and command line):
LogInit:  - bVerifyPeer = true  - Libcurl will verify peer certificate
LogInit:  - bUseHttpProxy = false  - Libcurl will NOT use HTTP proxy
LogInit:  - bDontReuseConnections = false  - Libcurl will reuse connections
LogInit:  - CertBundlePath = /etc/ssl/certs/ca-certificates.crt  - Libcurl will set CURLOPT_CAINFO to it
LogInit: Build: ++UE4+Release-4.15-CL-0
LogInit: Engine Version: 4.15.0-0+++UE4+Release-4.15
LogInit: Compatible Engine Version: 4.15.0-0+++UE4+Release-4.15
LogInit: Net CL: 0
LogDevObjectVersion: Number of dev versions registered: 14
LogDevObjectVersion:   Dev-Blueprints (B0D832E4-1F89-4F0D-ACCF-7EB736FD4AA2): 8
LogDevObjectVersion:   Dev-Build (E1C64328-A22C-4D53-A36C-8E866417BD8C): 0
LogDevObjectVersion:   Dev-Core (375EC13C-06E4-48FB-B500-84F0262A717E): 2
LogDevObjectVersion:   Dev-Editor (E4B068ED-F494-42E9-A231-DA0B2E46BB41): 14
LogDevObjectVersion:   Dev-Framework (CFFC743F-43B0-4480-9391-14DF171D2073): 22
LogDevObjectVersion:   Dev-Mobile (B02B49B5-BB20-44E9-A304-32B752E40360): 0
LogDevObjectVersion:   Dev-Networking (A4E4105C-59A1-49B5-A7C5-40C4547EDFEE): 0
LogDevObjectVersion:   Dev-Online (39C831C9-5AE6-47DC-9A44-9C173E1C8E7C): 0
LogDevObjectVersion:   Dev-Physics (78F01B33-EBEA-4F98-B9B4-84EACCB95AA2): 0
LogDevObjectVersion:   Dev-Platform (6631380F-2D4D-43E0-8009-CF276956A95A): 0
LogDevObjectVersion:   Dev-Rendering (12F88B9F-8875-4AFC-A67C-D90C383ABD29): 12
LogDevObjectVersion:   Dev-Sequencer (7B5AE74C-D270-4C10-A958-57980B212A5A): 3
LogDevObjectVersion:   Dev-VR (D7296918-1DD6-4BDD-9DE2-64A83CC13884): 0
LogDevObjectVersion:   Dev-LoadTimes (C2A15278-BFE7-4AFE-6C17-90FF531DF755): 1
LogInit: Compiled (64-bit): Mar  5 2017 13:55:11
LogInit: Compiled with Clang: 3.9.1 (tags/RELEASE_391/rc2)
LogInit: Build Configuration: Development
LogInit: Branch Name: ++UE4+Release-4.15
LogInit: Command line: 
LogInit: Base directory: /usr/local/share/UE/UnrealEngine/Engine/Binaries/Linux/
LogInit: Installed Engine Build: 0
LogInit: Presizing for max 8388607 objects, including 0 objects not considered by GC, pre-allocating 0 bytes for permanent pool.
LogInit: Object subsystem initialized
[2017.04.30-11.26.50:956][  0]LogInit: Initializing SDL.
[2017.04.30-11.26.51:338][  0]LogInit: Initialized SDL 2.0.4 revision: 10374 (hg-10374:dccf51aee79b with EpicExtensions) (compiled against 2.0.4)
[2017.04.30-11.26.51:338][  0]LogInit: Display metrics:
[2017.04.30-11.26.51:338][  0]LogInit:   PrimaryDisplayWidth: 2560
[2017.04.30-11.26.51:338][  0]LogInit:   PrimaryDisplayHeight: 1440
[2017.04.30-11.26.51:338][  0]LogInit:   PrimaryDisplayWorkAreaRect:
[2017.04.30-11.26.51:338][  0]LogInit:     Left=0, Top=49, Right=2560, Bottom=1399
[2017.04.30-11.26.51:338][  0]LogInit:   VirtualDisplayRect:
[2017.04.30-11.26.51:338][  0]LogInit:     Left=0, Top=0, Right=5120, Bottom=1440
[2017.04.30-11.26.51:338][  0]LogInit:   TitleSafePaddingSize: X=0.000 Y=0.000
[2017.04.30-11.26.51:339][  0]LogInit:   ActionSafePaddingSize: X=0.000 Y=0.000
[2017.04.30-11.26.51:339][  0]LogInit:   Number of monitors: 2
[2017.04.30-11.26.51:339][  0]LogInit:     Monitor 0
[2017.04.30-11.26.51:339][  0]LogInit:       Name: SMS27A850 24"
[2017.04.30-11.26.51:339][  0]LogInit:       ID: display0
[2017.04.30-11.26.51:339][  0]LogInit:       NativeWidth: 2560
[2017.04.30-11.26.51:339][  0]LogInit:       NativeHeight: 1440
[2017.04.30-11.26.51:339][  0]LogInit:       bIsPrimary: true
[2017.04.30-11.26.51:339][  0]LogInit:     Monitor 1
[2017.04.30-11.26.51:339][  0]LogInit:       Name: SMS27A850 24"
[2017.04.30-11.26.51:339][  0]LogInit:       ID: display1
[2017.04.30-11.26.51:339][  0]LogInit:       NativeWidth: 2560
[2017.04.30-11.26.51:339][  0]LogInit:       NativeHeight: 1440
[2017.04.30-11.26.51:339][  0]LogInit:       bIsPrimary: false
[2017.04.30-11.26.51:339][  0]LogLinux: Selected Device Profile: [Linux]
[2017.04.30-11.26.51:339][  0]LogInit: Applying CVar settings loaded from the selected device profile: [Linux]
[2017.04.30-11.26.51:350][  0]LogInit: Linux hardware info:
[2017.04.30-11.26.51:350][  0]LogInit:  - we are the first instance of this executable
[2017.04.30-11.26.51:350][  0]LogInit:  - this process' id (pid) is 8364, parent process' id (ppid) is 1
[2017.04.30-11.26.51:350][  0]LogInit:  - we are not running under debugger
[2017.04.30-11.26.51:350][  0]LogInit:  - machine network name is 'jarvis'
[2017.04.30-11.26.51:350][  0]LogInit:  - user name is 'newgen' (newgen)
[2017.04.30-11.26.51:350][  0]LogInit:  - we're logged in locally
[2017.04.30-11.26.51:350][  0]LogInit:  - we're running with rendering
[2017.04.30-11.26.51:350][  0]LogInit:  - CPU: GenuineIntel 'Intel(R) Core(TM) i5-4460  CPU @ 3.20GHz' (signature: 0x306C3)
[2017.04.30-11.26.51:350][  0]LogInit:  - Number of physical cores available for the process: 4
[2017.04.30-11.26.51:350][  0]LogInit:  - Number of logical cores available for the process: 4
[2017.04.30-11.26.51:350][  0]LogInit:  - Cache line size: 64
[2017.04.30-11.26.51:350][  0]LogInit:  - Memory allocator used: binned
[2017.04.30-11.26.51:350][  0]LogLinux: Benchmarking clocks:
[2017.04.30-11.26.51:350][  0]LogLinux:  - CLOCK_REALTIME (id=0) can sustain 56913538 (56914K, 57M) calls per second without zero deltas.
[2017.04.30-11.26.51:350][  0]LogLinux:  - CLOCK_MONOTONIC (id=1) can sustain 56978211 (56978K, 57M) calls per second without zero deltas.
[2017.04.30-11.26.51:350][  0]LogLinux:  - CLOCK_MONOTONIC_RAW (id=4) can sustain 17232540 (17233K, 17M) calls per second without zero deltas.
[2017.04.30-11.26.51:350][  0]LogLinux:  - CLOCK_MONOTONIC_COARSE (id=6) can sustain 181950424 (181950K, 182M) calls per second with 99.999857% zero deltas.
[2017.04.30-11.26.51:350][  0]LogLinux: Selected clock_id 1 (CLOCK_MONOTONIC) since it is the fastest support clock without zero deltas.
[2017.04.30-11.26.51:350][  0]LogInit: Linux-specific commandline switches:
[2017.04.30-11.26.51:350][  0]LogInit:  -nodwarf (currently OFF): suppress parsing of DWARF debug info (callstacks will be generated faster, but won't have line numbers)
[2017.04.30-11.26.51:350][  0]LogInit:  -ansimalloc - use malloc()/free() from libc (useful for tools like valgrind and electric fence)
[2017.04.30-11.26.51:350][  0]LogInit:  -jemalloc - use jemalloc for all memory allocation
[2017.04.30-11.26.51:350][  0]LogInit:  -binnedmalloc - use binned malloc  for all memory allocation
[2017.04.30-11.26.51:350][  0]LogInit:  -httpproxy=ADDRESS:PORT - redirects HTTP requests to a proxy (only supported if compiled with libcurl)
[2017.04.30-11.26.51:350][  0]LogInit:  -reuseconn - allow libcurl to reuse HTTP connections (only matters if compiled with libcurl)
[2017.04.30-11.26.51:350][  0]LogInit:  -virtmemkb=NUMBER - sets process virtual memory (address space) limit (overrides VirtualMemoryLimitInKB value from .ini)
[2017.04.30-11.26.51:350][  0]LogInit:  - Physical RAM available (not considering process quota): 24 GB (24093 MB, 24671572 KB, 25263689728 bytes)
[2017.04.30-11.26.51:358][  0]LogTextLocalizationManager: No translations for ('de-DE') exist, falling back to 'en' for localization and internationalization data.
[2017.04.30-11.26.52:559][  0]LogRHI: Initializing OpenGL RHI
[2017.04.30-11.26.52:559][  0]LogRHI:   GL_VENDOR: NVIDIA Corporation
[2017.04.30-11.26.52:559][  0]LogRHI:   GL_RENDERER: GeForce GTX 970/PCIe/SSE2
[2017.04.30-11.26.52:559][  0]LogRHI:   GL_VERSION: 4.3.0 NVIDIA 375.27.13
[2017.04.30-11.26.52:559][  0]LogRHI:   GL_SHADING_LANGUAGE_VERSION: 4.30 NVIDIA via Cg compiler
[2017.04.30-11.26.52:559][  0]LogRHI: OpenGL Extensions:
[2017.04.30-11.26.52:559][  0]LogRHI:   GL_AMD_multi_draw_indirect
[2017.04.30-11.26.52:559][  0]LogRHI:   GL_AMD_seamless_cubemap_per_texture
[2017.04.30-11.26.52:559][  0]LogRHI:   GL_AMD_vertex_shader_viewport_index
[2017.04.30-11.26.52:559][  0]LogRHI:   GL_AMD_vertex_shader_layer
[2017.04.30-11.26.52:559][  0]LogRHI:   GL_ARB_arrays_of_arrays
[2017.04.30-11.26.52:559][  0]LogRHI:   GL_ARB_base_instance
[2017.04.30-11.26.52:559][  0]LogRHI:   GL_ARB_bindless_texture
[2017.04.30-11.26.52:559][  0]LogRHI:   GL_ARB_blend_func_extended
[2017.04.30-11.26.52:559][  0]LogRHI:   GL_ARB_buffer_storage
[2017.04.30-11.26.52:559][  0]LogRHI:   GL_ARB_clear_buffer_object
[2017.04.30-11.26.52:559][  0]LogRHI:   GL_ARB_clear_texture
[2017.04.30-11.26.52:559][  0]LogRHI:   GL_ARB_clip_control
[2017.04.30-11.26.52:559][  0]LogRHI:   GL_ARB_color_buffer_float
[2017.04.30-11.26.52:559][  0]LogRHI:   GL_ARB_compressed_texture_pixel_storage
[2017.04.30-11.26.52:559][  0]LogRHI:   GL_ARB_conservative_depth
[2017.04.30-11.26.52:559][  0]LogRHI:   GL_ARB_compute_shader
[2017.04.30-11.26.52:559][  0]LogRHI:   GL_ARB_compute_variable_group_size
[2017.04.30-11.26.52:559][  0]LogRHI:   GL_ARB_conditional_render_inverted
[2017.04.30-11.26.52:559][  0]LogRHI:   GL_ARB_copy_buffer
[2017.04.30-11.26.52:559][  0]LogRHI:   GL_ARB_copy_image
[2017.04.30-11.26.52:559][  0]LogRHI:   GL_ARB_cull_distance
[2017.04.30-11.26.52:559][  0]LogRHI:   GL_ARB_debug_output
[2017.04.30-11.26.52:559][  0]LogRHI:   GL_ARB_depth_buffer_float
[2017.04.30-11.26.52:559][  0]LogRHI:   GL_ARB_depth_clamp
[2017.04.30-11.26.52:559][  0]LogRHI:   GL_ARB_depth_texture
[2017.04.30-11.26.52:559][  0]LogRHI:   GL_ARB_derivative_control
[2017.04.30-11.26.52:559][  0]LogRHI:   GL_ARB_direct_state_access
[2017.04.30-11.26.52:560][  0]LogRHI:   GL_ARB_draw_buffers
[2017.04.30-11.26.52:560][  0]LogRHI:   GL_ARB_draw_buffers_blend
[2017.04.30-11.26.52:560][  0]LogRHI:   GL_ARB_draw_indirect
[2017.04.30-11.26.52:560][  0]LogRHI:   GL_ARB_draw_elements_base_vertex
[2017.04.30-11.26.52:560][  0]LogRHI:   GL_ARB_draw_instanced
[2017.04.30-11.26.52:560][  0]LogRHI:   GL_ARB_enhanced_layouts
[2017.04.30-11.26.52:560][  0]LogRHI:   GL_ARB_ES2_compatibility
[2017.04.30-11.26.52:560][  0]LogRHI:   GL_ARB_ES3_compatibility
[2017.04.30-11.26.52:560][  0]LogRHI:   GL_ARB_ES3_1_compatibility
[2017.04.30-11.26.52:560][  0]LogRHI:   GL_ARB_ES3_2_compatibility
[2017.04.30-11.26.52:560][  0]LogRHI:   GL_ARB_explicit_attrib_location
[2017.04.30-11.26.52:560][  0]LogRHI:   GL_ARB_explicit_uniform_location
[2017.04.30-11.26.52:560][  0]LogRHI:   GL_ARB_fragment_coord_conventions
[2017.04.30-11.26.52:560][  0]LogRHI:   GL_ARB_fragment_layer_viewport
[2017.04.30-11.26.52:560][  0]LogRHI:   GL_ARB_fragment_program
[2017.04.30-11.26.52:560][  0]LogRHI:   GL_ARB_fragment_program_shadow
[2017.04.30-11.26.52:560][  0]LogRHI:   GL_ARB_fragment_shader
[2017.04.30-11.26.52:560][  0]LogRHI:   GL_ARB_fragment_shader_interlock
[2017.04.30-11.26.52:560][  0]LogRHI:   GL_ARB_framebuffer_no_attachments
[2017.04.30-11.26.52:560][  0]LogRHI:   GL_ARB_framebuffer_object
[2017.04.30-11.26.52:560][  0]LogRHI:   GL_ARB_framebuffer_sRGB
[2017.04.30-11.26.52:560][  0]LogRHI:   GL_ARB_geometry_shader4
[2017.04.30-11.26.52:560][  0]LogRHI:   GL_ARB_get_program_binary
[2017.04.30-11.26.52:560][  0]LogRHI:   GL_ARB_get_texture_sub_image
[2017.04.30-11.26.52:560][  0]LogRHI:   GL_ARB_gl_spirv
[2017.04.30-11.26.52:560][  0]LogRHI:   GL_ARB_gpu_shader5
[2017.04.30-11.26.52:560][  0]LogRHI:   GL_ARB_gpu_shader_fp64
[2017.04.30-11.26.52:560][  0]LogRHI:   GL_ARB_gpu_shader_int64
[2017.04.30-11.26.52:560][  0]LogRHI:   GL_ARB_half_float_pixel
[2017.04.30-11.26.52:560][  0]LogRHI:   GL_ARB_half_float_vertex
[2017.04.30-11.26.52:560][  0]LogRHI:   GL_ARB_imaging
[2017.04.30-11.26.52:560][  0]LogRHI:   GL_ARB_indirect_parameters
[2017.04.30-11.26.52:560][  0]LogRHI:   GL_ARB_instanced_arrays
[2017.04.30-11.26.52:560][  0]LogRHI:   GL_ARB_internalformat_query
[2017.04.30-11.26.52:560][  0]LogRHI:   GL_ARB_internalformat_query2
[2017.04.30-11.26.52:560][  0]LogRHI:   GL_ARB_invalidate_subdata
[2017.04.30-11.26.52:560][  0]LogRHI:   GL_ARB_map_buffer_alignment
[2017.04.30-11.26.52:560][  0]LogRHI:   GL_ARB_map_buffer_range
[2017.04.30-11.26.52:560][  0]LogRHI:   GL_ARB_multi_bind
[2017.04.30-11.26.52:560][  0]LogRHI:   GL_ARB_multi_draw_indirect
[2017.04.30-11.26.52:560][  0]LogRHI:   GL_ARB_multisample
[2017.04.30-11.26.52:560][  0]LogRHI:   GL_ARB_multitexture
[2017.04.30-11.26.52:560][  0]LogRHI:   GL_ARB_occlusion_query
[2017.04.30-11.26.52:560][  0]LogRHI:   GL_ARB_occlusion_query2
[2017.04.30-11.26.52:560][  0]LogRHI:   GL_ARB_parallel_shader_compile
[2017.04.30-11.26.52:560][  0]LogRHI:   GL_ARB_pipeline_statistics_query
[2017.04.30-11.26.52:560][  0]LogRHI:   GL_ARB_pixel_buffer_object
[2017.04.30-11.26.52:560][  0]LogRHI:   GL_ARB_point_parameters
[2017.04.30-11.26.52:560][  0]LogRHI:   GL_ARB_point_sprite
[2017.04.30-11.26.52:560][  0]LogRHI:   GL_ARB_post_depth_coverage
[2017.04.30-11.26.52:560][  0]LogRHI:   GL_ARB_program_interface_query
[2017.04.30-11.26.52:560][  0]LogRHI:   GL_ARB_provoking_vertex
[2017.04.30-11.26.52:560][  0]LogRHI:   GL_ARB_query_buffer_object
[2017.04.30-11.26.52:560][  0]LogRHI:   GL_ARB_robust_buffer_access_behavior
[2017.04.30-11.26.52:560][  0]LogRHI:   GL_ARB_robustness
[2017.04.30-11.26.52:560][  0]LogRHI:   GL_ARB_sample_locations
[2017.04.30-11.26.52:560][  0]LogRHI:   GL_ARB_sample_shading
[2017.04.30-11.26.52:560][  0]LogRHI:   GL_ARB_sampler_objects
[2017.04.30-11.26.52:560][  0]LogRHI:   GL_ARB_seamless_cube_map
[2017.04.30-11.26.52:560][  0]LogRHI:   GL_ARB_seamless_cubemap_per_texture
[2017.04.30-11.26.52:560][  0]LogRHI:   GL_ARB_separate_shader_objects
[2017.04.30-11.26.52:560][  0]LogRHI:   GL_ARB_shader_atomic_counter_ops
[2017.04.30-11.26.52:560][  0]LogRHI:   GL_ARB_shader_atomic_counters
[2017.04.30-11.26.52:560][  0]LogRHI:   GL_ARB_shader_ballot
[2017.04.30-11.26.52:560][  0]LogRHI:   GL_ARB_shader_bit_encoding
[2017.04.30-11.26.52:560][  0]LogRHI:   GL_ARB_shader_clock
[2017.04.30-11.26.52:560][  0]LogRHI:   GL_ARB_shader_draw_parameters
[2017.04.30-11.26.52:560][  0]LogRHI:   GL_ARB_shader_group_vote
[2017.04.30-11.26.52:560][  0]LogRHI:   GL_ARB_shader_image_load_store
[2017.04.30-11.26.52:560][  0]LogRHI:   GL_ARB_shader_image_size
[2017.04.30-11.26.52:560][  0]LogRHI:   GL_ARB_shader_objects
[2017.04.30-11.26.52:560][  0]LogRHI:   GL_ARB_shader_precision
[2017.04.30-11.26.52:560][  0]LogRHI:   GL_ARB_shader_storage_buffer_object
[2017.04.30-11.26.52:560][  0]LogRHI:   GL_ARB_shader_subroutine
[2017.04.30-11.26.52:560][  0]LogRHI:   GL_ARB_shader_texture_image_samples
[2017.04.30-11.26.52:560][  0]LogRHI:   GL_ARB_shader_texture_lod
[2017.04.30-11.26.52:560][  0]LogRHI:   GL_ARB_shading_language_100
[2017.04.30-11.26.52:560][  0]LogRHI:   GL_ARB_shader_viewport_layer_array
[2017.04.30-11.26.52:560][  0]LogRHI:   GL_ARB_shading_language_420pack
[2017.04.30-11.26.52:560][  0]LogRHI:   GL_ARB_shading_language_include
[2017.04.30-11.26.52:560][  0]LogRHI:   GL_ARB_shading_language_packing
[2017.04.30-11.26.52:560][  0]LogRHI:   GL_ARB_shadow
[2017.04.30-11.26.52:560][  0]LogRHI:   GL_ARB_sparse_buffer
[2017.04.30-11.26.52:560][  0]LogRHI:   GL_ARB_sparse_texture
[2017.04.30-11.26.52:560][  0]LogRHI:   GL_ARB_sparse_texture2
[2017.04.30-11.26.52:560][  0]LogRHI:   GL_ARB_sparse_texture_clamp
[2017.04.30-11.26.52:560][  0]LogRHI:   GL_ARB_stencil_texturing
[2017.04.30-11.26.52:560][  0]LogRHI:   GL_ARB_sync
[2017.04.30-11.26.52:560][  0]LogRHI:   GL_ARB_tessellation_shader
[2017.04.30-11.26.52:560][  0]LogRHI:   GL_ARB_texture_barrier
[2017.04.30-11.26.52:560][  0]LogRHI:   GL_ARB_texture_border_clamp
[2017.04.30-11.26.52:560][  0]LogRHI:   GL_ARB_texture_buffer_object
[2017.04.30-11.26.52:560][  0]LogRHI:   GL_ARB_texture_buffer_object_rgb32
[2017.04.30-11.26.52:560][  0]LogRHI:   GL_ARB_texture_buffer_range
[2017.04.30-11.26.52:560][  0]LogRHI:   GL_ARB_texture_compression
[2017.04.30-11.26.52:561][  0]LogRHI:   GL_ARB_texture_compression_bptc
[2017.04.30-11.26.52:561][  0]LogRHI:   GL_ARB_texture_compression_rgtc
[2017.04.30-11.26.52:561][  0]LogRHI:   GL_ARB_texture_cube_map
[2017.04.30-11.26.52:561][  0]LogRHI:   GL_ARB_texture_cube_map_array
[2017.04.30-11.26.52:561][  0]LogRHI:   GL_ARB_texture_env_add
[2017.04.30-11.26.52:561][  0]LogRHI:   GL_ARB_texture_env_combine
[2017.04.30-11.26.52:561][  0]LogRHI:   GL_ARB_texture_env_crossbar
[2017.04.30-11.26.52:561][  0]LogRHI:   GL_ARB_texture_env_dot3
[2017.04.30-11.26.52:561][  0]LogRHI:   GL_ARB_texture_filter_minmax
[2017.04.30-11.26.52:561][  0]LogRHI:   GL_ARB_texture_float
[2017.04.30-11.26.52:561][  0]LogRHI:   GL_ARB_texture_gather
[2017.04.30-11.26.52:561][  0]LogRHI:   GL_ARB_texture_mirror_clamp_to_edge
[2017.04.30-11.26.52:561][  0]LogRHI:   GL_ARB_texture_mirrored_repeat
[2017.04.30-11.26.52:561][  0]LogRHI:   GL_ARB_texture_multisample
[2017.04.30-11.26.52:561][  0]LogRHI:   GL_ARB_texture_non_power_of_two
[2017.04.30-11.26.52:561][  0]LogRHI:   GL_ARB_texture_query_levels
[2017.04.30-11.26.52:561][  0]LogRHI:   GL_ARB_texture_query_lod
[2017.04.30-11.26.52:561][  0]LogRHI:   GL_ARB_texture_rectangle
[2017.04.30-11.26.52:561][  0]LogRHI:   GL_ARB_texture_rg
[2017.04.30-11.26.52:561][  0]LogRHI:   GL_ARB_texture_rgb10_a2ui
[2017.04.30-11.26.52:561][  0]LogRHI:   GL_ARB_texture_stencil8
[2017.04.30-11.26.52:561][  0]LogRHI:   GL_ARB_texture_storage
[2017.04.30-11.26.52:561][  0]LogRHI:   GL_ARB_texture_storage_multisample
[2017.04.30-11.26.52:561][  0]LogRHI:   GL_ARB_texture_swizzle
[2017.04.30-11.26.52:561][  0]LogRHI:   GL_ARB_texture_view
[2017.04.30-11.26.52:561][  0]LogRHI:   GL_ARB_timer_query
[2017.04.30-11.26.52:561][  0]LogRHI:   GL_ARB_transform_feedback2
[2017.04.30-11.26.52:561][  0]LogRHI:   GL_ARB_transform_feedback3
[2017.04.30-11.26.52:561][  0]LogRHI:   GL_ARB_transform_feedback_instanced
[2017.04.30-11.26.52:561][  0]LogRHI:   GL_ARB_transform_feedback_overflow_query
[2017.04.30-11.26.52:561][  0]LogRHI:   GL_ARB_transpose_matrix
[2017.04.30-11.26.52:561][  0]LogRHI:   GL_ARB_uniform_buffer_object
[2017.04.30-11.26.52:561][  0]LogRHI:   GL_ARB_vertex_array_bgra
[2017.04.30-11.26.52:561][  0]LogRHI:   GL_ARB_vertex_array_object
[2017.04.30-11.26.52:561][  0]LogRHI:   GL_ARB_vertex_attrib_64bit
[2017.04.30-11.26.52:561][  0]LogRHI:   GL_ARB_vertex_attrib_binding
[2017.04.30-11.26.52:561][  0]LogRHI:   GL_ARB_vertex_buffer_object
[2017.04.30-11.26.52:561][  0]LogRHI:   GL_ARB_vertex_program
[2017.04.30-11.26.52:561][  0]LogRHI:   GL_ARB_vertex_shader
[2017.04.30-11.26.52:561][  0]LogRHI:   GL_ARB_vertex_type_10f_11f_11f_rev
[2017.04.30-11.26.52:561][  0]LogRHI:   GL_ARB_vertex_type_2_10_10_10_rev
[2017.04.30-11.26.52:561][  0]LogRHI:   GL_ARB_viewport_array
[2017.04.30-11.26.52:561][  0]LogRHI:   GL_ARB_window_pos
[2017.04.30-11.26.52:561][  0]LogRHI:   GL_ATI_draw_buffers
[2017.04.30-11.26.52:561][  0]LogRHI:   GL_ATI_texture_float
[2017.04.30-11.26.52:561][  0]LogRHI:   GL_ATI_texture_mirror_once
[2017.04.30-11.26.52:561][  0]LogRHI:   GL_S3_s3tc
[2017.04.30-11.26.52:561][  0]LogRHI:   GL_EXT_texture_env_add
[2017.04.30-11.26.52:561][  0]LogRHI:   GL_EXT_abgr
[2017.04.30-11.26.52:561][  0]LogRHI:   GL_EXT_bgra
[2017.04.30-11.26.52:561][  0]LogRHI:   GL_EXT_bindable_uniform
[2017.04.30-11.26.52:561][  0]LogRHI:   GL_EXT_blend_color
[2017.04.30-11.26.52:561][  0]LogRHI:   GL_EXT_blend_equation_separate
[2017.04.30-11.26.52:561][  0]LogRHI:   GL_EXT_blend_func_separate
[2017.04.30-11.26.52:561][  0]LogRHI:   GL_EXT_blend_minmax
[2017.04.30-11.26.52:561][  0]LogRHI:   GL_EXT_blend_subtract
[2017.04.30-11.26.52:561][  0]LogRHI:   GL_EXT_compiled_vertex_array
[2017.04.30-11.26.52:561][  0]LogRHI:   GL_EXT_Cg_shader
[2017.04.30-11.26.52:561][  0]LogRHI:   GL_EXT_depth_bounds_test
[2017.04.30-11.26.52:561][  0]LogRHI:   GL_EXT_direct_state_access
[2017.04.30-11.26.52:561][  0]LogRHI:   GL_EXT_draw_buffers2
[2017.04.30-11.26.52:561][  0]LogRHI:   GL_EXT_draw_instanced
[2017.04.30-11.26.52:561][  0]LogRHI:   GL_EXT_draw_range_elements
[2017.04.30-11.26.52:561][  0]LogRHI:   GL_EXT_fog_coord
[2017.04.30-11.26.52:561][  0]LogRHI:   GL_EXT_framebuffer_blit
[2017.04.30-11.26.52:561][  0]LogRHI:   GL_EXT_framebuffer_multisample
[2017.04.30-11.26.52:561][  0]LogRHI:   GL_EXTX_framebuffer_mixed_formats
[2017.04.30-11.26.52:561][  0]LogRHI:   GL_EXT_framebuffer_multisample_blit_scaled
[2017.04.30-11.26.52:561][  0]LogRHI:   GL_EXT_framebuffer_object
[2017.04.30-11.26.52:561][  0]LogRHI:   GL_EXT_framebuffer_sRGB
[2017.04.30-11.26.52:561][  0]LogRHI:   GL_EXT_geometry_shader4
[2017.04.30-11.26.52:561][  0]LogRHI:   GL_EXT_gpu_program_parameters
[2017.04.30-11.26.52:561][  0]LogRHI:   GL_EXT_gpu_shader4
[2017.04.30-11.26.52:561][  0]LogRHI:   GL_EXT_multi_draw_arrays
[2017.04.30-11.26.52:561][  0]LogRHI:   GL_EXT_packed_depth_stencil
[2017.04.30-11.26.52:561][  0]LogRHI:   GL_EXT_packed_float
[2017.04.30-11.26.52:561][  0]LogRHI:   GL_EXT_packed_pixels
[2017.04.30-11.26.52:561][  0]LogRHI:   GL_EXT_pixel_buffer_object
[2017.04.30-11.26.52:561][  0]LogRHI:   GL_EXT_point_parameters
[2017.04.30-11.26.52:561][  0]LogRHI:   GL_EXT_polygon_offset_clamp
[2017.04.30-11.26.52:561][  0]LogRHI:   GL_EXT_post_depth_coverage
[2017.04.30-11.26.52:561][  0]LogRHI:   GL_EXT_provoking_vertex
[2017.04.30-11.26.52:561][  0]LogRHI:   GL_EXT_raster_multisample
[2017.04.30-11.26.52:561][  0]LogRHI:   GL_EXT_rescale_normal
[2017.04.30-11.26.52:561][  0]LogRHI:   GL_EXT_secondary_color
[2017.04.30-11.26.52:561][  0]LogRHI:   GL_EXT_separate_shader_objects
[2017.04.30-11.26.52:561][  0]LogRHI:   GL_EXT_separate_specular_color
[2017.04.30-11.26.52:561][  0]LogRHI:   GL_EXT_shader_image_load_formatted
[2017.04.30-11.26.52:561][  0]LogRHI:   GL_EXT_shader_image_load_store
[2017.04.30-11.26.52:561][  0]LogRHI:   GL_EXT_shader_integer_mix
[2017.04.30-11.26.52:561][  0]LogRHI:   GL_EXT_shadow_funcs
[2017.04.30-11.26.52:561][  0]LogRHI:   GL_EXT_sparse_texture2
[2017.04.30-11.26.52:561][  0]LogRHI:   GL_EXT_stencil_two_side
[2017.04.30-11.26.52:561][  0]LogRHI:   GL_EXT_stencil_wrap
[2017.04.30-11.26.52:561][  0]LogRHI:   GL_EXT_texture3D
[2017.04.30-11.26.52:561][  0]LogRHI:   GL_EXT_texture_array
[2017.04.30-11.26.52:561][  0]LogRHI:   GL_EXT_texture_buffer_object
[2017.04.30-11.26.52:561][  0]LogRHI:   GL_EXT_texture_compression_dxt1
[2017.04.30-11.26.52:561][  0]LogRHI:   GL_EXT_texture_compression_latc
[2017.04.30-11.26.52:561][  0]LogRHI:   GL_EXT_texture_compression_rgtc
[2017.04.30-11.26.52:561][  0]LogRHI:   GL_EXT_texture_compression_s3tc
[2017.04.30-11.26.52:561][  0]LogRHI:   GL_EXT_texture_cube_map
[2017.04.30-11.26.52:562][  0]LogRHI:   GL_EXT_texture_edge_clamp
[2017.04.30-11.26.52:562][  0]LogRHI:   GL_EXT_texture_env_combine
[2017.04.30-11.26.52:562][  0]LogRHI:   GL_EXT_texture_env_dot3
[2017.04.30-11.26.52:562][  0]LogRHI:   GL_EXT_texture_filter_anisotropic
[2017.04.30-11.26.52:562][  0]LogRHI:   GL_EXT_texture_filter_minmax
[2017.04.30-11.26.52:562][  0]LogRHI:   GL_EXT_texture_integer
[2017.04.30-11.26.52:562][  0]LogRHI:   GL_EXT_texture_lod
[2017.04.30-11.26.52:562][  0]LogRHI:   GL_EXT_texture_lod_bias
[2017.04.30-11.26.52:562][  0]LogRHI:   GL_EXT_texture_mirror_clamp
[2017.04.30-11.26.52:562][  0]LogRHI:   GL_EXT_texture_object
[2017.04.30-11.26.52:562][  0]LogRHI:   GL_EXT_texture_shared_exponent
[2017.04.30-11.26.52:562][  0]LogRHI:   GL_EXT_texture_sRGB
[2017.04.30-11.26.52:562][  0]LogRHI:   GL_EXT_texture_sRGB_decode
[2017.04.30-11.26.52:562][  0]LogRHI:   GL_EXT_texture_storage
[2017.04.30-11.26.52:562][  0]LogRHI:   GL_EXT_texture_swizzle
[2017.04.30-11.26.52:562][  0]LogRHI:   GL_EXT_timer_query
[2017.04.30-11.26.52:562][  0]LogRHI:   GL_EXT_transform_feedback2
[2017.04.30-11.26.52:562][  0]LogRHI:   GL_EXT_vertex_array
[2017.04.30-11.26.52:562][  0]LogRHI:   GL_EXT_vertex_array_bgra
[2017.04.30-11.26.52:562][  0]LogRHI:   GL_EXT_vertex_attrib_64bit
[2017.04.30-11.26.52:562][  0]LogRHI:   GL_EXT_window_rectangles
[2017.04.30-11.26.52:562][  0]LogRHI:   GL_EXT_x11_sync_object
[2017.04.30-11.26.52:562][  0]LogRHI:   GL_EXT_import_sync_object
[2017.04.30-11.26.52:562][  0]LogRHI:   GL_NV_robustness_video_memory_purge
[2017.04.30-11.26.52:562][  0]LogRHI:   GL_IBM_rasterpos_clip
[2017.04.30-11.26.52:562][  0]LogRHI:   GL_IBM_texture_mirrored_repeat
[2017.04.30-11.26.52:562][  0]LogRHI:   GL_KHR_context_flush_control
[2017.04.30-11.26.52:562][  0]LogRHI:   GL_KHR_debug
[2017.04.30-11.26.52:562][  0]LogRHI:   GL_KHR_no_error
[2017.04.30-11.26.52:562][  0]LogRHI:   GL_KHR_robust_buffer_access_behavior
[2017.04.30-11.26.52:562][  0]LogRHI:   GL_KHR_robustness
[2017.04.30-11.26.52:562][  0]LogRHI:   GL_KTX_buffer_region
[2017.04.30-11.26.52:562][  0]LogRHI:   GL_NV_alpha_to_coverage_dither_control
[2017.04.30-11.26.52:562][  0]LogRHI:   GL_NV_bindless_multi_draw_indirect
[2017.04.30-11.26.52:562][  0]LogRHI:   GL_NV_bindless_multi_draw_indirect_count
[2017.04.30-11.26.52:562][  0]LogRHI:   GL_NV_bindless_texture
[2017.04.30-11.26.52:562][  0]LogRHI:   GL_NV_blend_equation_advanced
[2017.04.30-11.26.52:562][  0]LogRHI:   GL_NV_blend_equation_advanced_coherent
[2017.04.30-11.26.52:562][  0]LogRHI:   GL_NV_blend_square
[2017.04.30-11.26.52:562][  0]LogRHI:   GL_NV_command_list
[2017.04.30-11.26.52:562][  0]LogRHI:   GL_NV_compute_program5
[2017.04.30-11.26.52:562][  0]LogRHI:   GL_NV_conditional_render
[2017.04.30-11.26.52:562][  0]LogRHI:   GL_NV_conservative_raster
[2017.04.30-11.26.52:562][  0]LogRHI:   GL_NV_conservative_raster_dilate
[2017.04.30-11.26.52:562][  0]LogRHI:   GL_NV_copy_depth_to_color
[2017.04.30-11.26.52:562][  0]LogRHI:   GL_NV_copy_image
[2017.04.30-11.26.52:562][  0]LogRHI:   GL_NV_depth_buffer_float
[2017.04.30-11.26.52:562][  0]LogRHI:   GL_NV_depth_clamp
[2017.04.30-11.26.52:562][  0]LogRHI:   GL_NV_draw_texture
[2017.04.30-11.26.52:562][  0]LogRHI:   GL_NV_draw_vulkan_image
[2017.04.30-11.26.52:562][  0]LogRHI:   GL_NV_ES1_1_compatibility
[2017.04.30-11.26.52:562][  0]LogRHI:   GL_NV_ES3_1_compatibility
[2017.04.30-11.26.52:562][  0]LogRHI:   GL_NV_explicit_multisample
[2017.04.30-11.26.52:562][  0]LogRHI:   GL_NV_fence
[2017.04.30-11.26.52:562][  0]LogRHI:   GL_NV_fill_rectangle
[2017.04.30-11.26.52:562][  0]LogRHI:   GL_NV_float_buffer
[2017.04.30-11.26.52:562][  0]LogRHI:   GL_NV_fog_distance
[2017.04.30-11.26.52:562][  0]LogRHI:   GL_NV_fragment_coverage_to_color
[2017.04.30-11.26.52:562][  0]LogRHI:   GL_NV_fragment_program
[2017.04.30-11.26.52:562][  0]LogRHI:   GL_NV_fragment_program_option
[2017.04.30-11.26.52:562][  0]LogRHI:   GL_NV_fragment_program2
[2017.04.30-11.26.52:562][  0]LogRHI:   GL_NV_fragment_shader_interlock
[2017.04.30-11.26.52:562][  0]LogRHI:   GL_NV_framebuffer_mixed_samples
[2017.04.30-11.26.52:562][  0]LogRHI:   GL_NV_framebuffer_multisample_coverage
[2017.04.30-11.26.52:562][  0]LogRHI:   GL_NV_geometry_shader4
[2017.04.30-11.26.52:562][  0]LogRHI:   GL_NV_geometry_shader_passthrough
[2017.04.30-11.26.52:562][  0]LogRHI:   GL_NV_gpu_program4
[2017.04.30-11.26.52:562][  0]LogRHI:   GL_NV_internalformat_sample_query
[2017.04.30-11.26.52:562][  0]LogRHI:   GL_NV_gpu_program4_1
[2017.04.30-11.26.52:562][  0]LogRHI:   GL_NV_gpu_program5
[2017.04.30-11.26.52:562][  0]LogRHI:   GL_NV_gpu_program5_mem_extended
[2017.04.30-11.26.52:562][  0]LogRHI:   GL_NV_gpu_program_fp64
[2017.04.30-11.26.52:562][  0]LogRHI:   GL_NV_gpu_shader5
[2017.04.30-11.26.52:562][  0]LogRHI:   GL_NV_half_float
[2017.04.30-11.26.52:562][  0]LogRHI:   GL_NV_light_max_exponent
[2017.04.30-11.26.52:562][  0]LogRHI:   GL_NV_multisample_coverage
[2017.04.30-11.26.52:562][  0]LogRHI:   GL_NV_multisample_filter_hint
[2017.04.30-11.26.52:562][  0]LogRHI:   GL_NV_occlusion_query
[2017.04.30-11.26.52:562][  0]LogRHI:   GL_NV_packed_depth_stencil
[2017.04.30-11.26.52:562][  0]LogRHI:   GL_NV_parameter_buffer_object
[2017.04.30-11.26.52:562][  0]LogRHI:   GL_NV_parameter_buffer_object2
[2017.04.30-11.26.52:562][  0]LogRHI:   GL_NV_path_rendering
[2017.04.30-11.26.52:562][  0]LogRHI:   GL_NV_path_rendering_shared_edge
[2017.04.30-11.26.52:562][  0]LogRHI:   GL_NV_pixel_data_range
[2017.04.30-11.26.52:562][  0]LogRHI:   GL_NV_point_sprite
[2017.04.30-11.26.52:562][  0]LogRHI:   GL_NV_primitive_restart
[2017.04.30-11.26.52:562][  0]LogRHI:   GL_NV_register_combiners
[2017.04.30-11.26.52:562][  0]LogRHI:   GL_NV_register_combiners2
[2017.04.30-11.26.52:562][  0]LogRHI:   GL_NV_sample_locations
[2017.04.30-11.26.52:562][  0]LogRHI:   GL_NV_sample_mask_override_coverage
[2017.04.30-11.26.52:562][  0]LogRHI:   GL_NV_shader_atomic_counters
[2017.04.30-11.26.52:562][  0]LogRHI:   GL_NV_shader_atomic_float
[2017.04.30-11.26.52:562][  0]LogRHI:   GL_NV_shader_atomic_fp16_vector
[2017.04.30-11.26.52:562][  0]LogRHI:   GL_NV_shader_atomic_int64
[2017.04.30-11.26.52:562][  0]LogRHI:   GL_NV_shader_buffer_load
[2017.04.30-11.26.52:562][  0]LogRHI:   GL_NV_shader_storage_buffer_object
[2017.04.30-11.26.52:562][  0]LogRHI:   GL_NV_texgen_reflection
[2017.04.30-11.26.52:562][  0]LogRHI:   GL_NV_texture_barrier
[2017.04.30-11.26.52:562][  0]LogRHI:   GL_NV_texture_compression_vtc
[2017.04.30-11.26.52:562][  0]LogRHI:   GL_NV_texture_env_combine4
[2017.04.30-11.26.52:562][  0]LogRHI:   GL_NV_texture_multisample
[2017.04.30-11.26.52:562][  0]LogRHI:   GL_NV_texture_rectangle
[2017.04.30-11.26.52:562][  0]LogRHI:   GL_NV_texture_shader
[2017.04.30-11.26.52:562][  0]LogRHI:   GL_NV_texture_shader2
[2017.04.30-11.26.52:563][  0]LogRHI:   GL_NV_texture_shader3
[2017.04.30-11.26.52:563][  0]LogRHI:   GL_NV_transform_feedback
[2017.04.30-11.26.52:563][  0]LogRHI:   GL_NV_transform_feedback2
[2017.04.30-11.26.52:563][  0]LogRHI:   GL_NV_uniform_buffer_unified_memory
[2017.04.30-11.26.52:563][  0]LogRHI:   GL_NV_vdpau_interop
[2017.04.30-11.26.52:563][  0]LogRHI:   GL_NV_vertex_array_range
[2017.04.30-11.26.52:563][  0]LogRHI:   GL_NV_vertex_array_range2
[2017.04.30-11.26.52:563][  0]LogRHI:   GL_NV_vertex_attrib_integer_64bit
[2017.04.30-11.26.52:563][  0]LogRHI:   GL_NV_vertex_buffer_unified_memory
[2017.04.30-11.26.52:563][  0]LogRHI:   GL_NV_vertex_program
[2017.04.30-11.26.52:563][  0]LogRHI:   GL_NV_vertex_program1_1
[2017.04.30-11.26.52:563][  0]LogRHI:   GL_NV_vertex_program2
[2017.04.30-11.26.52:563][  0]LogRHI:   GL_NV_vertex_program2_option
[2017.04.30-11.26.52:563][  0]LogRHI:   GL_NV_vertex_program3
[2017.04.30-11.26.52:563][  0]LogRHI:   GL_NV_viewport_array2
[2017.04.30-11.26.52:563][  0]LogRHI:   GL_NV_viewport_swizzle
[2017.04.30-11.26.52:563][  0]LogRHI:   GL_NVX_conditional_render
[2017.04.30-11.26.52:563][  0]LogRHI:   GL_NVX_gpu_memory_info
[2017.04.30-11.26.52:563][  0]LogRHI:   GL_NVX_nvenc_interop
[2017.04.30-11.26.52:563][  0]LogRHI:   GL_NV_shader_thread_group
[2017.04.30-11.26.52:563][  0]LogRHI:   GL_NV_shader_thread_shuffle
[2017.04.30-11.26.52:563][  0]LogRHI:   GL_KHR_blend_equation_advanced
[2017.04.30-11.26.52:563][  0]LogRHI:   GL_KHR_blend_equation_advanced_coherent
[2017.04.30-11.26.52:563][  0]LogRHI:   GL_SGIS_generate_mipmap
[2017.04.30-11.26.52:563][  0]LogRHI:   GL_SGIS_texture_lod
[2017.04.30-11.26.52:563][  0]LogRHI:   GL_SGIX_depth_texture
[2017.04.30-11.26.52:563][  0]LogRHI:   GL_SGIX_shadow
[2017.04.30-11.26.52:563][  0]LogRHI:   GL_SUN_slice_accum
[2017.04.30-11.26.52:564][  0]LogRHI:   GL_MAX_TEXTURE_SIZE: 16384
[2017.04.30-11.26.52:564][  0]LogRHI:   GL_MAX_CUBE_MAP_TEXTURE_SIZE: 16384
[2017.04.30-11.26.52:564][  0]LogRHI:   GL_MAX_ARRAY_TEXTURE_LAYERS: 2048
[2017.04.30-11.26.52:564][  0]LogRHI:   GL_MAX_3D_TEXTURE_SIZE: 2048
[2017.04.30-11.26.52:564][  0]LogRHI:   GL_MAX_RENDERBUFFER_SIZE: 16384
[2017.04.30-11.26.52:564][  0]LogRHI:   GL_MAX_TEXTURE_IMAGE_UNITS: 32
[2017.04.30-11.26.52:564][  0]LogRHI:   GL_MAX_DRAW_BUFFERS: 8
[2017.04.30-11.26.52:564][  0]LogRHI:   GL_MAX_COLOR_ATTACHMENTS: 8
[2017.04.30-11.26.52:564][  0]LogRHI:   GL_MAX_SAMPLES: 32
[2017.04.30-11.26.52:564][  0]LogRHI:   GL_MAX_COLOR_TEXTURE_SAMPLES: 32
[2017.04.30-11.26.52:564][  0]LogRHI:   GL_MAX_DEPTH_TEXTURE_SAMPLES: 32
[2017.04.30-11.26.52:564][  0]LogRHI:   GL_MAX_INTEGER_SAMPLES: 32
[2017.04.30-11.26.52:564][  0]LogRHI:   GL_MAX_COMBINED_TEXTURE_IMAGE_UNITS: 192
[2017.04.30-11.26.52:564][  0]LogRHI:   GL_MAX_VERTEX_ATTRIBS: 16
[2017.04.30-11.26.52:564][  0]LogRHI:   GL_MAX_TEXTURE_MAX_ANISOTROPY_EXT: 16
[2017.04.30-11.26.52:564][  0]LogRHI: OpenGL MajorVersion = 4, MinorVersion = 3, ShaderPlatform = GLSL_430, FeatureLevel = SM5
[2017.04.30-11.26.52:569][  0]LogRHI: Texture pool is 2867 MB (70% of 4096 MB)
[2017.04.30-11.26.52:569][  0]LogShaderCompilers: Guid format shader working directory is 15 characters bigger than the processId version (../../../../../../../../home/newgen/UnrealProjects/ServerClick/Intermediate/Shaders/WorkingDirectory/8364/).
[2017.04.30-11.26.52:569][  0]LogShaderCompilers: Cleaned the shader compiler working directory '../../../../../../../../home/newgen/UnrealProjects/ServerClick/Intermediate/Shaders/tmp/00030B6B34040D1E001A02391E39ADFB/'.
[2017.04.30-11.26.52:569][  0]LogShaderCompilers:Display: Using Local Shader Compiler.
[2017.04.30-11.26.55:666][  0]LogTemp:Display: Loaded TP AllDesktopTargetPlatform
[2017.04.30-11.26.55:818][  0]LogTemp:Display: Loaded TP LinuxNoEditorTargetPlatform
[2017.04.30-11.26.55:968][  0]LogTemp:Display: Loaded TP LinuxServerTargetPlatform
[2017.04.30-11.26.56:105][  0]LogTemp:Display: Loaded TP LinuxTargetPlatform
[2017.04.30-11.26.56:256][  0]LogTemp:Display: Loaded TP LinuxClientTargetPlatform
[2017.04.30-11.26.56:405][  0]LogTemp:Display: Loaded TP AndroidTargetPlatform
[2017.04.30-11.26.56:556][  0]LogTemp:Display: Loaded TP Android_ETC2TargetPlatform
[2017.04.30-11.26.57:457][  0]LogTemp:Display: Loaded TP Android_MultiTargetPlatform
[2017.04.30-11.26.57:457][  0]LogTemp:Display: Loaded TP Android_ATCTargetPlatform
[2017.04.30-11.26.57:457][  0]LogTemp:Display: Loaded TP Android_PVRTCTargetPlatform
[2017.04.30-11.26.57:457][  0]LogTemp:Display: Loaded TP Android_DXTTargetPlatform
[2017.04.30-11.26.57:457][  0]LogTemp:Display: Loaded TP Android_ETC1TargetPlatform
[2017.04.30-11.26.57:457][  0]LogTemp:Display: Loaded TP Android_ASTCTargetPlatform
[2017.04.30-11.26.57:589][  0]LogTemp:Display: Failed to get target platform HTML5TargetPlatform
[2017.04.30-11.26.57:589][  0]LogTargetPlatformManager:Display: Building Assets For Linux
[2017.04.30-11.26.57:892][  0]LogDerivedDataCache:Display: Max Cache Size: 512 MB
[2017.04.30-11.26.57:934][  0]LogDerivedDataCache: Loaded boot cache 0.04s 60MB ../../../../../../../../home/newgen/UnrealProjects/ServerClick/DerivedDataCache/Boot.ddc.
[2017.04.30-11.26.57:934][  0]LogDerivedDataCache:Display: Loaded Boot cache: ../../../../../../../../home/newgen/UnrealProjects/ServerClick/DerivedDataCache/Boot.ddc
[2017.04.30-11.26.57:934][  0]LogDerivedDataCache: FDerivedDataBackendGraph:  Pak pak cache file ../../../../../../../../home/newgen/UnrealProjects/ServerClick/DerivedDataCache/DDC.ddp not found, will not use a pak cache.
[2017.04.30-11.26.57:935][  0]LogDerivedDataCache: Unable to find inner node Pak for hierarchical cache Hierarchy.
[2017.04.30-11.26.57:935][  0]LogDerivedDataCache: FDerivedDataBackendGraph:  EnginePak pak cache file ../../../Engine/DerivedDataCache/DDC.ddp not found, will not use a pak cache.
[2017.04.30-11.26.57:935][  0]LogDerivedDataCache: Unable to find inner node EnginePak for hierarchical cache Hierarchy.
[2017.04.30-11.26.57:935][  0]LogDerivedDataCache: Using Local data cache path ../../../Engine/DerivedDataCache: Writable
[2017.04.30-11.26.57:935][  0]LogDerivedDataCache: Shared data cache path not found in *engine.ini, will not use an Shared cache.
[2017.04.30-11.26.57:935][  0]LogDerivedDataCache: Unable to find inner node Shared for hierarchical cache Hierarchy.
[2017.04.30-11.26.57:943][  0]LogSlate: Using Freetype 2.6.0
[2017.04.30-11.26.57:944][  0]LogSlate: SlateFontCache - WITH_FREETYPE: 1, WITH_HARFBUZZ: 0
[2017.04.30-11.26.57:944][  0]LogSlate: SlateFontCache - WITH_FREETYPE: 1, WITH_HARFBUZZ: 0
[2017.04.30-11.26.58:170][  0]LogLinux: Selected Device Profile: [Linux]
[2017.04.30-11.26.58:170][  0]LogContentStreaming: Texture pool size is 0.00 MB
[2017.04.30-11.26.58:603][  0]LogMeshUtilities: Using QuadricMeshReduction for automatic static mesh reduction
[2017.04.30-11.26.58:606][  0]LogMeshUtilities: No automatic skeletal mesh reduction module available
[2017.04.30-11.26.58:606][  0]LogMeshUtilities: No automatic mesh merging module available
[2017.04.30-11.26.58:606][  0]LogMeshUtilities: No distributed automatic mesh merging module available
[2017.04.30-11.26.59:006][  0]LogNetVersion: GetLocalNetworkVersion: CL: 0, ProjectName: myproject, ProjectVersion: , EngineNetworkVersion: 2, GameNetworkVersion: 0, NetworkChecksum: 1666697174
[2017.04.30-11.26.59:242][  0]LogAssetRegistry: FAssetRegistry took 0.0004 seconds to start up
[2017.04.30-11.26.59:294][  0]LogPackageLocalizationCache: Processed 3 localized package path(s) for 1 prioritized culture(s) in 0.006987 seconds
[2017.04.30-11.26.59:302][  0]LogUObjectArray: 32343 objects as part of root set at end of initial load.
[2017.04.30-11.26.59:302][  0]LogUObjectAllocator: 7031048 out of 0 bytes used by permanent object pool.
[2017.04.30-11.26.59:302][  0]LogUObjectArray: CloseDisregardForGC: 0/0 objects in disregard for GC pool
[2017.04.30-11.26.59:582][  0]LogHAL: Linux SourceCodeAccessSettings: NullSourceCodeAccessor
[2017.04.30-11.27.03:388][  0]LogUdpMessaging: Initializing bridge on interface 0.0.0.0:0 to multicast group 230.0.0.1:6666.
[2017.04.30-11.27.04:276][  0]LogMaterial: Uniform references updated for custom material expression Custom.
[2017.04.30-11.27.07:278][  0]SourceControl: Info Source control is disabled
[2017.04.30-11.27.07:278][  0]SourceControl: Info Source control is disabled
[2017.04.30-11.27.07:926][  0]SourceControl: Info Source control is disabled
[2017.04.30-11.27.08:124][  0]SourceControl: Info Source control is disabled
[2017.04.30-11.27.08:129][  0]LogDesktopPlatform: DesktopPlatformLinux is not using LinuxNativeDialogs.
[2017.04.30-11.27.08:494][  0]LogEngine: Initializing Engine...
[2017.04.30-11.27.09:074][  0]LogAIModule: Creating AISystem for world Untitled
[2017.04.30-11.27.09:084][  0]LogALAudio: ALAudio device opened : OpenAL Soft
[2017.04.30-11.27.09:085][  0]LogALAudio: AL_VENDOR      : OpenAL Community
[2017.04.30-11.27.09:085][  0]LogALAudio: AL_RENDERER    : OpenAL Soft
[2017.04.30-11.27.09:085][  0]LogALAudio: AL_VERSION     : 1.1 ALSOFT 1.15.1
[2017.04.30-11.27.09:085][  0]LogALAudio: AL_EXTENSIONS  : AL_EXT_ALAW AL_EXT_DOUBLE AL_EXT_EXPONENT_DISTANCE AL_EXT_FLOAT32 AL_EXT_IMA4 AL_EXT_LINEAR_DISTANCE AL_EXT_MCFORMATS AL_EXT_MULAW AL_EXT_MULAW_MCFORMATS AL_EXT_OFFSET AL_EXT_source_distance_model AL_LOKI_quadriphonic AL_SOFT_buffer_samples AL_SOFT_buffer_sub_data AL_SOFTX_deferred_updates AL_SOFT_direct_channels AL_SOFT_loop_points AL_SOFT_source_latency
[2017.04.30-11.27.09:085][  0]LogInit: FAudioDevice initialized.
[2017.04.30-11.27.09:122][  0]LogDerivedDataCache: Saved boot cache 0.04s 60MB ../../../../../../../../home/newgen/UnrealProjects/ServerClick/DerivedDataCache/Boot.ddc.
[2017.04.30-11.27.09:135][  0]LogInit: Texture streaming: Enabled
[2017.04.30-11.27.09:179][  0]LogEngineSessionManager: EngineSessionManager initialized
[2017.04.30-11.27.09:950][  0]LogInit: Transaction tracking system initialized
[2017.04.30-11.27.11:002][  0]BlueprintLog: New page: Editor Load
[2017.04.30-11.27.13:541][  0]LocalizationService: Info Localization service is disabled
[2017.04.30-11.27.14:591][  0]LogTcpMessaging: Initializing TcpMessaging bridge
[2017.04.30-11.27.15:525][  0]LogConsoleResponse:Display: 
[2017.04.30-11.27.15:625][  0]LogFileCache: Scanning file cache for directory '/home/newgen/UnrealProjects/ServerClick/Content/' took 0.00s
[2017.04.30-11.27.15:625][  0]LogCook:Display: Max memory allowance for cook 16384mb min free memory 0mb
[2017.04.30-11.27.15:625][  0]LogCook:Display: Mobile HDR setting 1
[2017.04.30-11.27.18:061][  0]SourceControl: Info Source control is disabled
[2017.04.30-11.27.18:062][  0]Cmd: MAP LOAD FILE="../../../Engine/Content/Maps/Templates/Template_Default.umap" TEMPLATE=1 SHOWPROGRESS=1 FEATURELEVEL=3
[2017.04.30-11.27.18:062][  0]LightingResults: New page: Lighting Build
[2017.04.30-11.27.18:171][  0]MapCheck: New page: Map Check
[2017.04.30-11.27.18:171][  0]LightingResults: New page: Lighting Build
[2017.04.30-11.27.18:184][  0]LogLinker:Warning: Can't find file '/Engine/EngineSky/BP_Sky_Sphere'
[2017.04.30-11.27.18:184][  0]LogLinker:Warning: Can't find file for asset '/Engine/EngineSky/BP_Sky_Sphere' while loading ../../../Engine/Content/Maps/Templates/Template_Default.umap.
[2017.04.30-11.27.18:184][  0]LoadErrors:Error: Error /Engine/Maps/Templates/Template_Default : Can't find file for asset. /Engine/EngineSky/BP_Sky_Sphere
[2017.04.30-11.27.18:192][  0]LogLinker:Warning: Can't find file '/Engine/EngineSky/BP_Sky_Sphere'
[2017.04.30-11.27.18:192][  0]LogLinker:Warning: Can't find file for asset '/Engine/EngineSky/BP_Sky_Sphere' while loading ../../../Engine/Content/Maps/Templates/Template_Default.umap.
[2017.04.30-11.27.18:192][  0]LoadErrors:Error: Error /Engine/Maps/Templates/Template_Default : Can't find file for asset. /Engine/EngineSky/BP_Sky_Sphere
[2017.04.30-11.27.18:193][  0]LogLinker:Warning: Can't find file '/Engine/EngineSky/BP_Sky_Sphere'
[2017.04.30-11.27.18:193][  0]LogLinker:Warning: Can't find file for asset '/Engine/EngineSky/BP_Sky_Sphere' while loading ../../../Engine/Content/Maps/Templates/Template_Default.umap.
[2017.04.30-11.27.18:194][  0]LoadErrors:Error: Error /Engine/Maps/Templates/Template_Default : Can't find file for asset. /Engine/EngineSky/BP_Sky_Sphere
[2017.04.30-11.27.18:194][  0]LogLinker:Warning: Can't find file '/Engine/EngineSky/BP_Sky_Sphere'
[2017.04.30-11.27.18:194][  0]LogLinker:Warning: Can't find file for asset '/Engine/EngineSky/BP_Sky_Sphere' while loading ../../../Engine/Content/Maps/Templates/Template_Default.umap.
[2017.04.30-11.27.18:194][  0]LoadErrors:Error: Error /Engine/Maps/Templates/Template_Default : Can't find file for asset. /Engine/EngineSky/BP_Sky_Sphere
[2017.04.30-11.27.18:196][  0]LogLinker:Warning: Can't find file '/Engine/EngineSky/BP_Sky_Sphere'
[2017.04.30-11.27.18:196][  0]LogLinker:Warning: Can't find file for asset '/Engine/EngineSky/BP_Sky_Sphere' while loading NULL.
[2017.04.30-11.27.18:197][  0]LogLinker:Warning: Can't find file '/Engine/EngineSky/BP_Sky_Sphere'
[2017.04.30-11.27.18:197][  0]LogLinker:Warning: Can't find file for asset '/Engine/EngineSky/BP_Sky_Sphere' while loading NULL.
[2017.04.30-11.27.18:198][  0]LogLinker:Warning: Can't find file '/Engine/EngineSky/BP_Sky_Sphere'
[2017.04.30-11.27.18:198][  0]LogLinker:Warning: Can't find file for asset '/Engine/EngineSky/BP_Sky_Sphere' while loading NULL.
[2017.04.30-11.27.18:198][  0]LogLinker:Warning: Can't find file '/Engine/EngineSky/BP_Sky_Sphere'
[2017.04.30-11.27.18:199][  0]LogLinker:Warning: Can't find file for asset '/Engine/EngineSky/BP_Sky_Sphere' while loading NULL.
[2017.04.30-11.27.18:199][  0]LogLinker:Warning: Can't find file '/Engine/EngineSky/BP_Sky_Sphere'
[2017.04.30-11.27.18:200][  0]LogLinker:Warning: Can't find file for asset '/Engine/EngineSky/BP_Sky_Sphere' while loading NULL.
[2017.04.30-11.27.18:200][  0]LogLinker:Warning: Can't find file '/Engine/EngineSky/BP_Sky_Sphere'
[2017.04.30-11.27.18:200][  0]LogLinker:Warning: Can't find file for asset '/Engine/EngineSky/BP_Sky_Sphere' while loading NULL.
[2017.04.30-11.27.18:201][  0]LogLinker:Warning: Can't find file '/Engine/EngineSky/BP_Sky_Sphere'
[2017.04.30-11.27.18:202][  0]LogLinker:Warning: Can't find file for asset '/Engine/EngineSky/BP_Sky_Sphere' while loading NULL.
[2017.04.30-11.27.18:202][  0]LogLinker:Warning: Can't find file '/Engine/EngineSky/BP_Sky_Sphere'
[2017.04.30-11.27.18:202][  0]LoadErrors: Info Failed to load /Engine/EngineSky/BP_Sky_Sphere.BP_Sky_Sphere_C Referenced by PersistentLevel
[2017.04.30-11.27.18:203][  0]LogLinker:Warning: Can't find file for asset '/Engine/EngineSky/BP_Sky_Sphere' while loading NULL.
[2017.04.30-11.27.18:203][  0]LoadErrors: Info Failed to load /Engine/EngineSky/BP_Sky_Sphere.BP_Sky_Sphere_C Referenced by PersistentLevel
[2017.04.30-11.27.18:209][  0]LogAIModule: Creating AISystem for world Untitled_1
[2017.04.30-11.27.18:210][  0]LogActorComponent: RegisterComponentWithWorld: (/Temp/Untitled_1.Untitled_1:PersistentLevel.WorldSettings_1.StaticMeshComponent0) Trying to register component with IsPendingKill() == true. Aborting.
[2017.04.30-11.27.18:214][  0]LogEditorServer: Finished looking for orphan Actors (0.000 secs)
[2017.04.30-11.27.18:223][  0]Cmd: MAP CHECKDEP NOCLEARLOG
[2017.04.30-11.27.18:234][  0]MapCheck: Info Map check complete: 0 Error(s), 0 Warning(s), took 10.688ms to complete.
[2017.04.30-11.27.18:234][  0]LogFileHelpers: Loading map 'Template_Default' took 0.172
[2017.04.30-11.27.18:482][  0]LogCollectionManager: Loaded 0 collections in 0.000914 seconds
[2017.04.30-11.27.18:496][  0]LogFileCache: Scanning file cache for directory '/home/newgen/UnrealProjects/ServerClick/Saved/Collections/' took 0.00s
[2017.04.30-11.27.18:496][  0]LogFileCache: Scanning file cache for directory '/home/newgen/UnrealProjects/ServerClick/Content/Developers/newgen/Collections/' took 0.00s
[2017.04.30-11.27.18:496][  0]LogFileCache: Scanning file cache for directory '/home/newgen/UnrealProjects/ServerClick/Content/Collections/' took 0.00s
[2017.04.30-11.27.18:496][  0]LogContentBrowser: Native class hierarchy populated in 0.0112 seconds. Added 2231 classes and 427 folders.
[2017.04.30-11.27.18:499][  0]LogCollectionManager: Rebuilt the GUID cache for 0 collections in 0.000001 seconds
[2017.04.30-11.27.18:612][  0]LogStats: UGameplayTagsManager::ConstructGameplayTagTree: Construct from data asset -  0.000 s
[2017.04.30-11.27.18:612][  0]LogStats: UGameplayTagsManager::ConstructGameplayTagTree: GameplayTagTreeChangedEvent.Broadcast -  0.000 s
[2017.04.30-11.27.18:753][  0]LogContentBrowser: Native class hierarchy updated for 'WidgetCarousel' in 0.0006 seconds. Added 0 classes and 0 folders.
[2017.04.30-11.27.18:772][  0]LogContentBrowser: Native class hierarchy updated for 'AddContentDialog' in 0.0006 seconds. Added 0 classes and 0 folders.
[2017.04.30-11.27.18:902][  0]LogContentBrowser: Native class hierarchy updated for 'SceneOutliner' in 0.0007 seconds. Added 1 classes and 2 folders.
[2017.04.30-11.27.18:980][  0]LogCrashTracker: Crashtracker disabled due to settings.
[2017.04.30-11.27.18:991][  0]LogUObjectGlobals:Warning: Failed to find object 'Class None.'
[2017.04.30-11.27.19:144][  0]LogContentBrowser: Native class hierarchy updated for 'HierarchicalLODOutliner' in 0.0007 seconds. Added 1 classes and 2 folders.
[2017.04.30-11.27.19:144][  0]LogLoad: (Engine Initialization) Total time: 29.97 seconds
[2017.04.30-11.27.19:144][  0]LogLoad: (Engine Initialization) Total Blueprint compile time: 0.10 seconds
[2017.04.30-11.27.19:145][  0]LogExternalProfiler: No external profilers were discovered.  External profiling features will not be available.
[2017.04.30-11.27.19:480][  0]LogSlate: Took 0.000078 seconds to synchronously load lazily loaded font '../../../Engine/Content/Slate/Fonts/Roboto-Regular.ttf' (155K)
[2017.04.30-11.27.19:495][  0]LogSlate: Took 0.000095 seconds to synchronously load lazily loaded font '../../../Engine/Content/Slate/Fonts/Roboto-Bold.ttf' (160K)
[2017.04.30-11.27.19:501][  0]LogSlate: Took 0.000067 seconds to synchronously load lazily loaded font '../../../Engine/Content/Editor/Slate/Fonts/FontAwesome.ttf' (139K)
[2017.04.30-11.27.19:600][  0]LogRenderer: Reallocating scene render targets to support 1616x780 NumSamples 1 (Frame:2).
[2017.04.30-11.27.19:706][  0]LogLinux: Setting swap interval to 'Immediate'
[2017.04.30-11.27.19:706][  0]LoadErrors:Warning: Warning CreateExport: Failed to load Outer for resource 'Sky Sphere mesh': BP_Sky_Sphere_C /Temp/Untitled_1.Template_Default:PersistentLevel.SkySphere
[2017.04.30-11.27.19:707][  0]LoadErrors:Warning: Warning CreateExport: Failed to load Outer for resource 'MaterialInstanceDynamic_1': StaticMeshComponent /Temp/Untitled_1.Template_Default:PersistentLevel.SkySphere.Sky Sphere mesh
[2017.04.30-11.27.19:707][  0]LoadErrors:Warning: Warning CreateExport: Failed to load Outer for resource 'Base': BP_Sky_Sphere_C /Temp/Untitled_1.Template_Default:PersistentLevel.SkySphere
[2017.04.30-11.27.19:740][  0]LogContentStreaming: Texture pool size now 1000 MB
[2017.04.30-11.27.19:827][  1]LogAssetRegistry: Asset discovery search completed in 20.5853 seconds
[2017.04.30-11.27.19:827][  1]LogCollectionManager: Rebuilt the object cache for 0 collections in 0.000000 seconds (found 0 objects)
[2017.04.30-11.27.19:827][  1]LogCollectionManager: Fixed up redirectors for 0 collections in 0.000066 seconds (updated 0 objects)
[2017.04.30-11.27.24:964][611]LogLinux: Setting swap interval to 'Immediate'
[2017.04.30-11.27.26:998][829]LogSlate: Took 0.000083 seconds to synchronously load lazily loaded font '../../../Engine/Content/Slate/Fonts/Roboto-Light.ttf' (159K)
[2017.04.30-11.27.27:009][829]LogLinux: Setting swap interval to 'Immediate'
[2017.04.30-11.27.27:090][829]LogAIModule: Creating AISystem for world serverclick_001
[2017.04.30-11.27.27:109][829]Cmd: MAP LOAD FILE="../../../../../../../../home/newgen/UnrealProjects/ServerClick/Content/serverclick_001.umap" TEMPLATE=0 SHOWPROGRESS=1 FEATURELEVEL=3
[2017.04.30-11.27.27:110][829]LightingResults: New page: Lighting Build
[2017.04.30-11.27.27:111][829]LoadErrors: New page: Loading map: serverclick_001.umap
[2017.04.30-11.27.27:112][829]MapCheck: New page: Map Check
[2017.04.30-11.27.27:112][829]LightingResults: New page: Lighting Build
[2017.04.30-11.27.27:180][829]LogEditorServer: Finished looking for orphan Actors (0.000 secs)
[2017.04.30-11.27.27:197][829]Cmd: MAP CHECKDEP NOCLEARLOG
[2017.04.30-11.27.27:208][829]MapCheck: Info Map check complete: 0 Error(s), 0 Warning(s), took 11.047ms to complete.
[2017.04.30-11.27.27:208][829]LogFileHelpers: Loading map 'serverclick_001' took 0.100
[2017.04.30-11.27.31:996][375]LogEditorViewport: Clicking on Actor (LMB): StaticMeshActor (LayoutServer)
[2017.04.30-11.27.33:855][583]LogSlate: Took 0.000078 seconds to synchronously load lazily loaded font '../../../Engine/Content/Editor/Slate/Fonts/Roboto-Italic.ttf' (157K)
[2017.04.30-11.27.34:596][653]LogLinux: Setting swap interval to 'Immediate'
[2017.04.30-11.27.47:478][831]LogBlueprint:Error: [Compiler Actor_Blueprint] Error Couldn't find object for bound event node  OnClicked (None)
[2017.04.30-11.27.47:478][831]LogBlueprint:Error: [Compiler Actor_Blueprint] Error Couldn't find object for bound event node  OnEndCursorOver (None)
[2017.04.30-11.27.47:478][831]LogBlueprint:Error: [Compiler Actor_Blueprint] Error Couldn't find object for bound event node  OnBeginCursorOver (None)
[2017.04.30-11.27.47:486][831]LogBlueprint:Warning: [Compiler Actor_Blueprint] Warning [0058.31] Compile of Actor_Blueprint failed. 3 Fatal Issue(s) 0 Warning(s) [in 14 ms] (/Game/Actor_Blueprint.Actor_Blueprint)
[2017.04.30-11.27.47:486][831]LogBlueprint:Warning: [Compiler Actor_Blueprint] Warning [0058.31] Compile of Actor_Blueprint failed. 3 Fatal Issue(s) 1 Warning(s) [in 0 ms] (/Game/Actor_Blueprint.Actor_Blueprint)
[2017.04.30-11.27.47:486][831]LogBlueprint:Warning: [Compiler Actor_Blueprint] Warning [0058.31] Compile of Actor_Blueprint failed. 3 Fatal Issue(s) 2 Warning(s) [in 0 ms] (/Game/Actor_Blueprint.Actor_Blueprint)
[2017.04.30-11.27.47:519][831]LogLinux: Setting swap interval to 'Immediate'
[2017.04.30-11.27.48:103][831]LogSlate: Took 0.000048 seconds to synchronously load lazily loaded font '../../../Engine/Content/Slate/Fonts/Roboto-Regular.ttf' (155K)
[2017.04.30-11.27.48:398][831]LogContentBrowser: Native class hierarchy updated for 'BlueprintGraph' in 0.0011 seconds. Added 112 classes and 0 folders.
[2017.04.30-11.27.49:279][831]LogSlate: Took 0.000085 seconds to synchronously load lazily loaded font '../../../Engine/Content/Editor/Slate/Fonts/Roboto-BoldCondensed.ttf' (158K)
[2017.04.30-11.27.49:475][833]LogLinux: Setting swap interval to 'Immediate'
[2017.04.30-11.28.03:898][199]LogEditorViewport: Clicking on Actor (LMB): Actor_Blueprint_Cone_C (Actor_Blueprint_Cone)
[2017.04.30-11.28.04:765][222]Cmd: DELETE
[2017.04.30-11.28.04:766][222]Cmd: ACTOR DELETE
[2017.04.30-11.28.04:776][222]LogEditorActor: Deleted Actor: Actor_Blueprint_Cone_C
[2017.04.30-11.28.04:802][222]LogEditorActor: Deleted 1 Actors (0.037 secs)
[2017.04.30-11.28.23:388][741]LogLinux: Setting swap interval to 'Immediate'
[2017.04.30-11.28.26:329][820]Cmd: DELETE
[2017.04.30-11.28.26:329][820]Cmd: ACTOR DELETE
[2017.04.30-11.28.26:330][820]LogEditorActor: Deleted Actor: Actor
[2017.04.30-11.28.26:347][820]LogEditorActor: Deleted 1 Actors (0.018 secs)
[2017.04.30-11.28.29:853][919]LogLinux: Setting swap interval to 'Immediate'
[2017.04.30-11.28.29:988][919]LogSlate: Took 0.000046 seconds to synchronously load lazily loaded font '../../../Engine/Content/Slate/Fonts/Roboto-Light.ttf' (159K)
[2017.04.30-11.28.31:877][919]LogLinux: Setting swap interval to 'Immediate'
[2017.04.30-11.28.32:214][919]LogObjectTools:Warning: ForceReplaceReferences replaced references for a transient object 'DEADCLASS_Actor_Blueprint_Cone_C_0' or package '/Engine/Transient'.
[2017.04.30-11.28.32:215][919]LogObjectTools:Warning: ForceReplaceReferences replaced references for a transient object 'SimpleConstructionScript_0' or package '/Engine/Transient'.
[2017.04.30-11.28.32:215][919]LogObjectTools:Warning: ForceReplaceReferences replaced references for a transient object 'DefaultSceneRoot_GEN_VARIABLE' or package '/Engine/Transient'.
[2017.04.30-11.28.32:215][919]LogObjectTools:Warning: ForceReplaceReferences replaced references for a transient object 'DefaultSceneRoot1_GEN_VARIABLE' or package '/Engine/Transient'.
[2017.04.30-11.28.32:215][919]LogObjectTools:Warning: ForceReplaceReferences replaced references for a transient object 'Cone_GEN_VARIABLE' or package '/Engine/Transient'.
[2017.04.30-11.28.32:216][919]LogObjectTools:Warning: ForceReplaceReferences replaced references for a transient object 'DEADCLASS_Actor_Blueprint_Cone_C_1' or package '/Engine/Transient'.
[2017.04.30-11.28.32:216][919]LogObjectTools:Warning: ForceReplaceReferences replaced references for a transient object 'DefaultSceneRoot1' or package '/Engine/Transient'.
[2017.04.30-11.28.32:216][919]LogObjectTools:Warning: ForceReplaceReferences replaced references for a transient object 'Cone' or package '/Engine/Transient'.
[2017.04.30-11.28.32:217][919]LogObjectTools:Warning: ForceReplaceReferences replaced references for a transient object 'UserConstructionScript' or package '/Engine/Transient'.
[2017.04.30-11.28.32:217][919]LogObjectTools:Warning: ForceReplaceReferences replaced references for a transient object 'REINST_SKEL_Actor_Blueprint_Cone_C_39' or package '/Engine/Transient'.
[2017.04.30-11.28.32:217][919]LogObjectTools:Warning: ForceReplaceReferences replaced references for a transient object 'REINST_Actor_Blueprint_Cone_C_38' or package '/Engine/Transient'.
[2017.04.30-11.28.39:546][657]LogLinux: Setting swap interval to 'Immediate'
[2017.04.30-11.28.41:192][658]Cmd: QUIT_EDITOR
[2017.04.30-11.28.41:218][658]LogALAudio: Closing ALAudio device : OpenAL Soft
[2017.04.30-11.28.41:227][658]LogExit: Preparing to exit.
[2017.04.30-11.28.41:667][658]LogExit: Editor shut down
[2017.04.30-11.28.41:668][658]LogExit: Transaction tracking system shut down
[2017.04.30-11.28.41:770][658]LogObj: Freed 0b from 0 cluster array pools.
[2017.04.30-11.28.41:770][658]LogExit: Object subsystem successfully closed.
[2017.04.30-11.28.41:805][658]LogModuleManager: Shutting down and abandoning module BlueprintGraph (444)
[2017.04.30-11.28.41:805][658]LogModuleManager: Shutting down and abandoning module BlueprintProfiler (442)
[2017.04.30-11.28.41:805][658]LogModuleManager: Shutting down and abandoning module HierarchicalLODOutliner (440)
[2017.04.30-11.28.41:805][658]LogModuleManager: Shutting down and abandoning module CrashTracker (438)
[2017.04.30-11.28.41:805][658]LogModuleManager: Shutting down and abandoning module SceneOutliner (436)
[2017.04.30-11.28.41:805][658]LogModuleManager: Shutting down and abandoning module AddContentDialog (434)
[2017.04.30-11.28.41:806][658]LogModuleManager: Shutting down and abandoning module WidgetCarousel (433)
[2017.04.30-11.28.41:806][658]LogModuleManager: Shutting down and abandoning module EditorWidgets (430)
[2017.04.30-11.28.41:806][658]LogModuleManager: Shutting down and abandoning module CollectionManager (428)
[2017.04.30-11.28.41:806][658]LogModuleManager: Shutting down and abandoning module StatsViewer (426)
[2017.04.30-11.28.41:806][658]LogModuleManager: Shutting down and abandoning module FoliageEdit (424)
[2017.04.30-11.28.41:806][658]LogModuleManager: Shutting down and abandoning module LandscapeEditor (422)
[2017.04.30-11.28.41:807][658]LogModuleManager: Shutting down and abandoning module SceneDepthPickerMode (420)
[2017.04.30-11.28.41:807][658]LogModuleManager: Shutting down and abandoning module ActorPickerMode (418)
[2017.04.30-11.28.41:807][658]LogModuleManager: Shutting down and abandoning module GeometryMode (416)
[2017.04.30-11.28.41:807][658]LogModuleManager: Shutting down and abandoning module TextureAlignMode (414)
[2017.04.30-11.28.41:807][658]LogModuleManager: Shutting down and abandoning module BspMode (412)
[2017.04.30-11.28.41:807][658]LogModuleManager: Shutting down and abandoning module HardwareSurvey (410)
[2017.04.30-11.28.41:807][658]LogModuleManager: Shutting down and abandoning module SequenceRecorderSections (408)
[2017.04.30-11.28.41:807][658]LogModuleManager: Shutting down and abandoning module SequenceRecorder (406)
[2017.04.30-11.28.41:807][658]LogModuleManager: Shutting down and abandoning module AutomationWorker (404)
[2017.04.30-11.28.41:807][658]LogModuleManager: Shutting down and abandoning module CharacterAI (402)
[2017.04.30-11.28.41:807][658]LogModuleManager: Shutting down and abandoning module AvfMediaFactory (400)
[2017.04.30-11.28.41:807][658]LogModuleManager: Shutting down and abandoning module AvfMediaEditor (398)
[2017.04.30-11.28.41:807][658]LogModuleManager: Shutting down and abandoning module WmfMediaFactory (396)
[2017.04.30-11.28.41:807][658]LogModuleManager: Shutting down and abandoning module WmfMediaEditor (394)
[2017.04.30-11.28.41:807][658]LogModuleManager: Shutting down and abandoning module MfMediaFactory (392)
[2017.04.30-11.28.41:807][658]LogModuleManager: Shutting down and abandoning module MfMediaEditor (390)
[2017.04.30-11.28.41:807][658]LogModuleManager: Shutting down and abandoning module AndroidMediaFactory (388)
[2017.04.30-11.28.41:807][658]LogModuleManager: Shutting down and abandoning module Media (387)
[2017.04.30-11.28.41:807][658]LogModuleManager: Shutting down and abandoning module AndroidMediaEditor (384)
[2017.04.30-11.28.41:807][658]LogModuleManager: Shutting down and abandoning module LevelSequenceEditor (382)
[2017.04.30-11.28.41:807][658]LogModuleManager: Shutting down and abandoning module PlacementMode (381)
[2017.04.30-11.28.41:807][658]LogModuleManager: Shutting down and abandoning module MatineeToLevelSequence (378)
[2017.04.30-11.28.41:807][658]LogModuleManager: Shutting down and abandoning module SmartSnapping (376)
[2017.04.30-11.28.41:807][658]LogModuleManager: Shutting down and abandoning module SessionServices (374)
[2017.04.30-11.28.41:807][658]LogModuleManager: Shutting down and abandoning module ViewportSnapping (372)
[2017.04.30-11.28.41:807][658]LogModuleManager: Shutting down and abandoning module ViewportInteraction (370)
[2017.04.30-11.28.41:807][658]LogModuleManager: Shutting down and abandoning module LogVisualizer (368)
[2017.04.30-11.28.41:808][658]LogModuleManager: Shutting down and abandoning module IntroTutorials (366)
[2017.04.30-11.28.41:808][658]LogModuleManager: Shutting down and abandoning module GameProjectGeneration (365)
[2017.04.30-11.28.41:808][658]LogModuleManager: Shutting down and abandoning module EditorLiveStreaming (362)
[2017.04.30-11.28.41:808][658]LogModuleManager: Shutting down and abandoning module IOSPlatformEditor (360)
[2017.04.30-11.28.41:808][658]LogModuleManager: Shutting down and abandoning module HTML5PlatformEditor (358)
[2017.04.30-11.28.41:808][658]LogModuleManager: Shutting down and abandoning module AndroidPlatformEditor (356)
[2017.04.30-11.28.41:808][658]LogModuleManager: Shutting down and abandoning module TcpMessaging (355)
[2017.04.30-11.28.41:908][658]LogModuleManager: Shutting down and abandoning module AndroidDeviceDetection (353)
[2017.04.30-11.28.42:597][658]LogModuleManager: Shutting down and abandoning module IOSRuntimeSettings (350)
[2017.04.30-11.28.42:597][658]LogModuleManager: Shutting down and abandoning module AndroidRuntimeSettings (348)
[2017.04.30-11.28.42:597][658]LogModuleManager: Shutting down and abandoning module InputBindingEditor (346)
[2017.04.30-11.28.42:597][658]LogModuleManager: Shutting down and abandoning module NiagaraEditor (344)
[2017.04.30-11.28.42:598][658]LogModuleManager: Shutting down and abandoning module MergeActors (342)
[2017.04.30-11.28.42:598][658]LogModuleManager: Shutting down and abandoning module SizeMap (340)
[2017.04.30-11.28.42:598][658]LogModuleManager: Shutting down and abandoning module TreeMap (338)
[2017.04.30-11.28.42:598][658]LogModuleManager: Shutting down and abandoning module ReferenceViewer (336)
[2017.04.30-11.28.42:598][658]LogModuleManager: Shutting down and abandoning module LocalizationDashboard (334)
[2017.04.30-11.28.42:598][658]LogModuleManager: Shutting down and abandoning module LocalizationService (333)
[2017.04.30-11.28.42:598][658]LogModuleManager: Shutting down and abandoning module HardwareTargeting (330)
[2017.04.30-11.28.42:598][658]LogModuleManager: Shutting down and abandoning module DeviceProfileEditor (328)
[2017.04.30-11.28.42:598][658]LogModuleManager: Shutting down and abandoning module UndoHistory (326)
[2017.04.30-11.28.42:598][658]LogModuleManager: Shutting down and abandoning module UserFeedback (324)
[2017.04.30-11.28.42:598][658]LogModuleManager: Shutting down and abandoning module XmlParser (322)
[2017.04.30-11.28.42:598][658]LogModuleManager: Shutting down and abandoning module Blutility (320)
[2017.04.30-11.28.42:598][658]LogModuleManager: Shutting down and abandoning module ProjectSettingsViewer (318)
[2017.04.30-11.28.42:598][658]LogModuleManager: Shutting down and abandoning module ProjectTargetPlatformEditor (317)
[2017.04.30-11.28.42:599][658]LogModuleManager: Shutting down and abandoning module EditorSettingsViewer (314)
[2017.04.30-11.28.42:599][658]LogModuleManager: Shutting down and abandoning module SettingsEditor (312)
[2017.04.30-11.28.42:599][658]LogModuleManager: Shutting down and abandoning module ProjectLauncher (310)
[2017.04.30-11.28.42:599][658]LogModuleManager: Shutting down and abandoning module SessionFrontend (308)
[2017.04.30-11.28.42:599][658]LogModuleManager: Shutting down and abandoning module ProfilerClient (306)
[2017.04.30-11.28.42:599][658]LogModuleManager: Shutting down and abandoning module DeviceManager (304)
[2017.04.30-11.28.42:599][658]LogModuleManager: Shutting down and abandoning module TargetDeviceServices (303)
[2017.04.30-11.28.42:610][658]LogModuleManager: Shutting down and abandoning module AutomationController (300)
[2017.04.30-11.28.42:610][658]LogModuleManager: Shutting down and abandoning module AutomationWindow (298)
[2017.04.30-11.28.42:610][658]LogModuleManager: Shutting down and abandoning module Layers (296)
[2017.04.30-11.28.42:610][658]LogModuleManager: Shutting down and abandoning module ComponentVisualizers (294)
[2017.04.30-11.28.42:610][658]LogModuleManager: Shutting down and abandoning module DetailCustomizations (292)
[2017.04.30-11.28.42:610][658]LogModuleManager: Shutting down and abandoning module PackagesDialog (290)
[2017.04.30-11.28.42:611][658]LogModuleManager: Shutting down and abandoning module Persona (288)
[2017.04.30-11.28.42:611][658]LogModuleManager: Shutting down and abandoning module AnimGraph (287)
[2017.04.30-11.28.42:611][658]LogModuleManager: Shutting down and abandoning module Kismet (284)
[2017.04.30-11.28.42:627][658]LogModuleManager: Shutting down and abandoning module GraphEditor (282)
[2017.04.30-11.28.42:627][658]LogModuleManager: Shutting down and abandoning module ClassViewer (280)
[2017.04.30-11.28.42:627][658]LogModuleManager: Shutting down and abandoning module Toolbox (278)
[2017.04.30-11.28.42:627][658]LogModuleManager: Shutting down and abandoning module ModuleUI (276)
[2017.04.30-11.28.42:627][658]LogModuleManager: Shutting down and abandoning module MovieSceneTools (274)
[2017.04.30-11.28.42:627][658]LogModuleManager: Shutting down and abandoning module OutputLog (272)
[2017.04.30-11.28.42:627][658]LogModuleManager: Shutting down and abandoning module GammaUI (270)
[2017.04.30-11.28.42:627][658]LogModuleManager: Shutting down and abandoning module Documentation (268)
[2017.04.30-11.28.42:627][658]LogModuleManager: Shutting down and abandoning module GeometryCache (266)
[2017.04.30-11.28.42:627][658]LogModuleManager: Shutting down and abandoning module GeometryCacheEd (265)
[2017.04.30-11.28.42:627][658]LogModuleManager: Shutting down and abandoning module Niagara (262)
[2017.04.30-11.28.42:627][658]LogModuleManager: Shutting down and abandoning module StreamingPauseRendering (260)
[2017.04.30-11.28.42:627][658]LogModuleManager: Shutting down and abandoning module AnalyticsET (258)
[2017.04.30-11.28.42:627][658]LogModuleManager: Shutting down and abandoning module PortalServices (256)
[2017.04.30-11.28.42:627][658]LogModuleManager: Shutting down and abandoning module PortalRpc (254)
[2017.04.30-11.28.42:627][658]LogModuleManager: Shutting down and abandoning module MessagingRpc (252)
[2017.04.30-11.28.42:627][658]LogModuleManager: Shutting down and abandoning module AIModule (250)
[2017.04.30-11.28.42:628][658]LogModuleManager: Shutting down and abandoning module GameplayDebugger (249)
[2017.04.30-11.28.42:628][658]LogModuleManager: Shutting down and abandoning module AITestSuite (247)
[2017.04.30-11.28.42:628][658]LogModuleManager: Shutting down and abandoning module ProfilerService (244)
[2017.04.30-11.28.42:654][658]LogModuleManager: Shutting down and abandoning module TaskGraph (242)
[2017.04.30-11.28.42:654][658]LogModuleManager: Shutting down and abandoning module MediaPlayerEditor (240)
[2017.04.30-11.28.42:654][658]LogModuleManager: Shutting down and abandoning module KDevelopSourceCodeAccess (238)
[2017.04.30-11.28.42:654][658]LogModuleManager: Shutting down and abandoning module CodeLiteSourceCodeAccess (236)
[2017.04.30-11.28.42:654][658]LogModuleManager: Shutting down and abandoning module DesktopPlatform (235)
[2017.04.30-11.28.42:654][658]LogModuleManager: Shutting down and abandoning module SubversionSourceControl (232)
[2017.04.30-11.28.42:654][658]LogModuleManager: Shutting down and abandoning module GitSourceControl (230)
[2017.04.30-11.28.42:654][658]LogModuleManager: Shutting down and abandoning module PerforceSourceControl (228)
[2017.04.30-11.28.42:654][658]LogModuleManager: Shutting down and abandoning module SourceControl (227)
[2017.04.30-11.28.42:654][658]LogModuleManager: Shutting down and abandoning module UObjectPlugin (224)
[2017.04.30-11.28.42:654][658]LogModuleManager: Shutting down and abandoning module SpeedTreeImporter (220)
[2017.04.30-11.28.42:654][658]LogModuleManager: Shutting down and abandoning module MobileLauncherProfileWizard (218)
[2017.04.30-11.28.42:654][658]LogModuleManager: Shutting down and abandoning module SuperSearchEditor (216)
[2017.04.30-11.28.42:654][658]LogModuleManager: Shutting down and abandoning module SuperSearch (215)
[2017.04.30-11.28.42:654][658]LogModuleManager: Shutting down and abandoning module EpicSurvey (212)
[2017.04.30-11.28.42:654][658]LogModuleManager: Shutting down and abandoning module PluginBrowser (210)
[2017.04.30-11.28.42:654][658]LogModuleManager: Shutting down and abandoning module LightPropagationVolumeEditor (208)
[2017.04.30-11.28.42:655][658]LogModuleManager: Shutting down and abandoning module CustomMeshComponent (206)
[2017.04.30-11.28.42:655][658]LogModuleManager: Shutting down and abandoning module ArchVisCharacter (204)
[2017.04.30-11.28.42:655][658]LogModuleManager: Shutting down and abandoning module ProceduralMeshComponentEditor (202)
[2017.04.30-11.28.42:655][658]LogModuleManager: Shutting down and abandoning module ProceduralMeshComponent (200)
[2017.04.30-11.28.42:655][658]LogModuleManager: Shutting down and abandoning module CableComponent (198)
[2017.04.30-11.28.42:655][658]LogModuleManager: Shutting down and abandoning module MobilePatchingUtils (196)
[2017.04.30-11.28.42:655][658]LogModuleManager: Shutting down and abandoning module PaperTiledImporter (194)
[2017.04.30-11.28.42:655][658]LogModuleManager: Shutting down and abandoning module PaperSpriteSheetImporter (192)
[2017.04.30-11.28.42:655][658]LogModuleManager: Shutting down and abandoning module Paper2DEditor (190)
[2017.04.30-11.28.42:655][658]LogModuleManager: Shutting down and abandoning module MeshPaint (189)
[2017.04.30-11.28.42:655][658]LogModuleManager: Shutting down and abandoning module LevelEditor (187)
[2017.04.30-11.28.42:656][658]LogModuleManager: Shutting down and abandoning module PixelInspectorModule (186)
[2017.04.30-11.28.42:656][658]LogModuleManager: Shutting down and abandoning module MainFrame (184)
[2017.04.30-11.28.42:656][658]LogModuleManager: Shutting down and abandoning module HotReload (183)
[2017.04.30-11.28.42:656][658]LogModuleManager: Shutting down and abandoning module ContentBrowser (179)
[2017.04.30-11.28.42:658][658]LogModuleManager: Shutting down and abandoning module NullSourceCodeAccess (176)
[2017.04.30-11.28.42:658][658]LogModuleManager: Shutting down and abandoning module UdpMessaging (174)
[2017.04.30-11.28.42:758][658]LogModuleManager: Shutting down and abandoning module GameplayTagsEditor (172)
[2017.04.30-11.28.42:758][658]LogModuleManager: Shutting down and abandoning module FacialAnimationEditor (170)
[2017.04.30-11.28.42:758][658]LogModuleManager: Shutting down and abandoning module FacialAnimation (168)
[2017.04.30-11.28.42:758][658]LogModuleManager: Shutting down and abandoning module LightPropagationVolumeRuntime (166)
[2017.04.30-11.28.42:758][658]LogModuleManager: Shutting down and abandoning module PhysXVehiclesEditor (164)
[2017.04.30-11.28.42:758][658]LogModuleManager: Shutting down and abandoning module PhysXVehicles (162)
[2017.04.30-11.28.42:758][658]LogModuleManager: Shutting down and abandoning module LocationServicesBPLibrary (160)
[2017.04.30-11.28.42:758][658]LogModuleManager: Shutting down and abandoning module Paper2D (158)
[2017.04.30-11.28.42:758][658]LogModuleManager: Shutting down and abandoning module MediaAssets (156)
[2017.04.30-11.28.42:758][658]LogModuleManager: Shutting down and abandoning module GameLiveStreaming (154)
[2017.04.30-11.28.42:758][658]LogModuleManager: Shutting down and abandoning module VREditor (152)
[2017.04.30-11.28.42:758][658]LogModuleManager: Shutting down and abandoning module GameplayTasksEditor (150)
[2017.04.30-11.28.42:758][658]LogModuleManager: Shutting down and abandoning module BehaviorTreeEditor (148)
[2017.04.30-11.28.42:758][658]LogModuleManager: Shutting down and abandoning module FunctionalTesting (146)
[2017.04.30-11.28.42:758][658]LogModuleManager: Shutting down and abandoning module CollisionAnalyzer (144)
[2017.04.30-11.28.42:759][658]LogModuleManager: Shutting down and abandoning module UMG (142)
[2017.04.30-11.28.42:759][658]LogModuleManager: Shutting down and abandoning module UMGEditor (141)
[2017.04.30-11.28.42:759][658]LogModuleManager: Shutting down and abandoning module Sequencer (140)
[2017.04.30-11.28.42:759][658]LogModuleManager: Shutting down and abandoning module AssetTools (138)
[2017.04.30-11.28.42:759][658]LogModuleManager: Shutting down and abandoning module MessageLog (137)
[2017.04.30-11.28.42:759][658]LogModuleManager: Shutting down and abandoning module WorkspaceMenuStructure (136)
[2017.04.30-11.28.42:759][658]LogModuleManager: Shutting down and abandoning module SlateReflector (130)
[2017.04.30-11.28.42:759][658]LogModuleManager: Shutting down and abandoning module Slate (128)
[2017.04.30-11.28.42:759][658]LogModuleManager: Shutting down and abandoning module EditorStyle (126)
[2017.04.30-11.28.42:761][658]LogModuleManager: Shutting down and abandoning module Messaging (124)
[2017.04.30-11.28.42:761][658]LogModuleManager: Shutting down and abandoning module SourceCodeAccess (122)
[2017.04.30-11.28.42:761][658]LogModuleManager: Shutting down and abandoning module HeadMountedDisplay (120)
[2017.04.30-11.28.42:761][658]LogModuleManager: Shutting down and abandoning module ALAudio (118)
[2017.04.30-11.28.42:761][658]LogModuleManager: Shutting down and abandoning module Networking (116)
[2017.04.30-11.28.42:761][658]LogModuleManager: Shutting down and abandoning module Core (112)
[2017.04.30-11.28.42:761][658]LogModuleManager: Shutting down and abandoning module AssetRegistry (110)
[2017.04.30-11.28.42:895][658]LogModuleManager: Shutting down and abandoning module DirectoryWatcher (109)
[2017.04.30-11.28.42:899][658]LogModuleManager: Shutting down and abandoning module KismetCompiler (106)
[2017.04.30-11.28.42:899][658]LogModuleManager: Shutting down and abandoning module PhysXFormats (104)
[2017.04.30-11.28.42:899][658]LogModuleManager: Shutting down and abandoning module MeshUtilities (102)
[2017.04.30-11.28.42:899][658]LogModuleManager: Shutting down and abandoning module QuadricMeshReduction (101)
[2017.04.30-11.28.42:899][658]LogModuleManager: Shutting down and abandoning module PropertyEditor (99)
[2017.04.30-11.28.42:899][658]LogModuleManager: Shutting down and abandoning module DerivedDataCache (96)
[2017.04.30-11.28.42:950][658]LogDerivedDataCache: Shutdown
[2017.04.30-11.28.42:950][658]LogModuleManager: Shutting down and abandoning module TargetPlatform (94)
[2017.04.30-11.28.42:950][658]LogModuleManager: Shutting down and abandoning module ShaderFormatOpenGL (93)
[2017.04.30-11.28.42:950][658]LogModuleManager: Shutting down and abandoning module TextureFormatASTC (91)
[2017.04.30-11.28.42:950][658]LogModuleManager: Shutting down and abandoning module ImageWrapper (90)
[2017.04.30-11.28.42:950][658]LogModuleManager: Shutting down and abandoning module TextureFormatDXT (87)
[2017.04.30-11.28.42:950][658]LogModuleManager: Shutting down and abandoning module TextureFormatPVR (85)
[2017.04.30-11.28.42:950][658]LogModuleManager: Shutting down and abandoning module TextureFormatUncompressed (83)
[2017.04.30-11.28.42:950][658]LogModuleManager: Shutting down and abandoning module TextureFormatIntelISPCTexComp (81)
[2017.04.30-11.28.42:950][658]LogModuleManager: Shutting down and abandoning module AudioFormatOgg (79)
[2017.04.30-11.28.42:950][658]LogModuleManager: Shutting down and abandoning module AudioFormatOpus (77)
[2017.04.30-11.28.42:950][658]LogModuleManager: Shutting down and abandoning module HTML5TargetPlatform (75)
[2017.04.30-11.28.42:950][658]LogModuleManager: Shutting down and abandoning module Android_ETC1TargetPlatform (73)
[2017.04.30-11.28.42:950][658]LogModuleManager: Shutting down and abandoning module Android_ATCTargetPlatform (71)
[2017.04.30-11.28.42:950][658]LogModuleManager: Shutting down and abandoning module Android_DXTTargetPlatform (69)
[2017.04.30-11.28.42:950][658]LogModuleManager: Shutting down and abandoning module Android_PVRTCTargetPlatform (67)
[2017.04.30-11.28.42:950][658]LogModuleManager: Shutting down and abandoning module Android_ASTCTargetPlatform (65)
[2017.04.30-11.28.42:950][658]LogModuleManager: Shutting down and abandoning module Android_MultiTargetPlatform (63)
[2017.04.30-11.28.42:950][658]LogModuleManager: Shutting down and abandoning module Android_ETC2TargetPlatform (61)
[2017.04.30-11.28.42:950][658]LogModuleManager: Shutting down and abandoning module AndroidTargetPlatform (59)
[2017.04.30-11.28.42:950][658]LogModuleManager: Shutting down and abandoning module LinuxClientTargetPlatform (57)
[2017.04.30-11.28.42:950][658]LogModuleManager: Shutting down and abandoning module LinuxTargetPlatform (55)
[2017.04.30-11.28.42:950][658]LogModuleManager: Shutting down and abandoning module LinuxServerTargetPlatform (53)
[2017.04.30-11.28.42:950][658]LogModuleManager: Shutting down and abandoning module LinuxNoEditorTargetPlatform (51)
[2017.04.30-11.28.42:950][658]LogModuleManager: Shutting down and abandoning module AllDesktopTargetPlatform (49)
[2017.04.30-11.28.42:950][658]LogModuleManager: Shutting down and abandoning module InputCore (46)
[2017.04.30-11.28.42:950][658]LogModuleManager: Shutting down and abandoning module Settings (44)
[2017.04.30-11.28.42:950][658]LogModuleManager: Shutting down and abandoning module OnlineBlueprintSupport (42)
[2017.04.30-11.28.42:950][658]LogModuleManager: Shutting down and abandoning module OnlineSubsystem (38)
[2017.04.30-11.28.42:950][658]LogOnline:Display: Unloading online subsystem: NULL
[2017.04.30-11.28.42:950][658]LogModuleManager: Shutting down and abandoning module HTTP (37)
[2017.04.30-11.28.42:950][658]LogHttp:Display: Http module shutting down, but needs to wait on 1 outstanding Http requests:
[2017.04.30-11.28.42:950][658]LogHttp:Display: 	verb=[POST] url=[https://datarouter.ol.epicgames.com/datarouter/api/v1/public/data?SessionID=%7B065D62F2-0904-0D1E-001B-00941F36A4AB%7D&AppID=UEEditor.UnrealEngine.Release&AppVersion=4.15.0-0%2B%2B%2BUE4%2BRelease-4.15&UserID=0003f14e24021712002c018ddb909009%7C%7Cf11e1258d9c372b17d9263845502c98b&AppEnvironment=datacollector-source&UploadType=eteventstream] status=Processing
[2017.04.30-11.28.42:975][658]LogModuleManager: Shutting down and abandoning module SSL (36)
[2017.04.30-11.28.42:976][658]LogModuleManager: Shutting down and abandoning module LinuxDeviceProfileSelector (32)
[2017.04.30-11.28.42:976][658]LogModuleManager: Shutting down and abandoning module ExampleDeviceProfileSelector (30)
[2017.04.30-11.28.42:976][658]LogModuleManager: Shutting down and abandoning module AudioEditor (28)
[2017.04.30-11.28.42:976][658]LogModuleManager: Shutting down and abandoning module TextureCompressor (26)
[2017.04.30-11.28.42:976][658]LogModuleManager: Shutting down and abandoning module ShaderCore (24)
[2017.04.30-11.28.42:976][658]LogModuleManager: Shutting down and abandoning module Landscape (22)
[2017.04.30-11.28.42:976][658]LogModuleManager: Shutting down and abandoning module SlateRHIRenderer (20)
[2017.04.30-11.28.42:977][658]LogModuleManager: Shutting down and abandoning module OpenGLDrv (18)
[2017.04.30-11.28.42:977][658]LogModuleManager: Shutting down and abandoning module AnimGraphRuntime (16)
[2017.04.30-11.28.42:977][658]LogModuleManager: Shutting down and abandoning module Renderer (14)
[2017.04.30-11.28.42:977][658]LogModuleManager: Shutting down and abandoning module Engine (12)
[2017.04.30-11.28.42:977][658]LogModuleManager: Shutting down and abandoning module CoreUObject (10)
[2017.04.30-11.28.42:977][658]LogModuleManager: Shutting down and abandoning module NetworkFile (8)
[2017.04.30-11.28.42:977][658]LogModuleManager: Shutting down and abandoning module StreamingFile (6)
[2017.04.30-11.28.42:977][658]LogModuleManager: Shutting down and abandoning module SandboxFile (4)
[2017.04.30-11.28.42:977][658]LogModuleManager: Shutting down and abandoning module PakFile (2)
[2017.04.30-11.28.42:978][658]LogExit: Exiting.
[2017.04.30-11.28.42:978][658]LogInit: Tearing down SDL.
[2017.04.30-11.28.42:982][658]Log file closed, 04/30/17 13:28:42
